<?xml version="1.0" encoding="UTF-8"?>
<testsuite xmlns:xsi="http://www.w3.org/2001/XMLSchema-instance" xsi:noNamespaceSchemaLocation="https://maven.apache.org/surefire/maven-failsafe-plugin/xsd/failsafe-test-report-3.0.xsd" version="3.0" name="CucumberTestSuite" time="480.866" tests="9" errors="6" skipped="0" failures="0">
  <properties>
[...]
</properties>
  <testcase name="Search with available book" classname="Books" time="35.294">
    <system-out><![CDATA[18:01:57.499 [main] INFO io.cucumber.core.plugin.SerenityReporter - Running feature from file:///C:/Users/User/IdeaProjects/demoqa/src/test/resources/features/Books.feature
18:01:57.686 [main] INFO  - 

-------------------------------------------------------------------------------------
     _______. _______ .______       _______ .__   __.  __  .___________.____    ____ 
    /       ||   ____||   _  \     |   ____||  \ |  | |  | |           |\   \  /   / 
   |   (----`|  |__   |  |_)  |    |  |__   |   \|  | |  | `---|  |----` \   \/   /  
    \   \    |   __|  |      /     |   __|  |  . `  | |  |     |  |       \_    _/   
.----)   |   |  |____ |  |\  \----.|  |____ |  |\   | |  |     |  |         |  |     
|_______/    |_______|| _| `._____||_______||__| \__| |__|     |__|         |__|    
                                                                                     
 News and tutorials at http://www.serenity-bdd.info                                  
 Documentation at https://wakaleo.gitbooks.io/the-serenity-book/content/             
 Join the Serenity Community on Gitter: https://gitter.im/serenity-bdd/serenity-core 
 Serenity BDD Support and Training at http://serenity-bdd.info/#/trainingandsupport  
-------------------------------------------------------------------------------------

18:01:57.688 [main] DEBUG net.thucydides.core.steps.StepEventBus - Test suite started for story net.thucydides.core.model.Story@360bc628
18:01:57.693 [main] INFO  - Test Suite Started: Books
18:01:57.711 [main] INFO io.cucumber.core.plugin.SerenityReporter - Running feature from file:///C:/Users/User/IdeaProjects/demoqa/src/test/resources/features/Login.feature
18:01:57.720 [main] DEBUG net.thucydides.core.steps.StepEventBus - Test suite started for story net.thucydides.core.model.Story@23282f08
18:01:57.720 [main] INFO  - Test Suite Started: Login
18:01:57.721 [main] INFO io.cucumber.core.plugin.SerenityReporter - Running feature from file:///C:/Users/User/IdeaProjects/demoqa/src/test/resources/features/Books.feature
18:01:57.725 [main] DEBUG net.thucydides.core.steps.StepEventBus - Test suite started for story net.thucydides.core.model.Story@360bc628
18:01:57.726 [main] INFO  - Test Suite Started: Books

Scenario: Search with available book &amp#27;[90m# src/test/resources/features/Books.feature:6&amp#27;[0m
18:01:57.835 [main] INFO io.cucumber.core.plugin.SerenityReporter - Running feature from file:///C:/Users/User/IdeaProjects/demoqa/src/test/resources/features/Books.feature
18:01:57.988 [main] INFO  - 
  _____   ___   ___   _____     ___   _____     _     ___   _____   ___   ___  
 |_   _| | __| / __| |_   _|   / __| |_   _|   /_\   | _ \ |_   _| | __| |   \ 
   | |   | _|  \__ \   | |     \__ \   | |    / _ \  |   /   | |   | _|  | |) |
   |_|   |___| |___/   |_|     |___/   |_|   /_/ \_\ |_|_\   |_|   |___| |___/ 

Search with available book(books;search-with-available-book)
--------------------------------------------------------------------------------
18:01:58.800 [main] INFO net.serenitybdd.core.webdriver.driverproviders.ChromeDriverProvider - Using automatically driver download
18:01:59.431 [main] DEBUG io.github.bonigarcia.wdm.cache.ResolutionCache - Resolution chrome=106 in cache (valid until 18:17:55 07/10/2022 SGT)
18:01:59.439 [main] DEBUG io.github.bonigarcia.wdm.cache.ResolutionCache - Resolution chrome106=106.0.5249.61 in cache (valid until 17:17:55 08/10/2022 SGT)
18:01:59.444 [main] INFO io.github.bonigarcia.wdm.WebDriverManager - Using chromedriver 106.0.5249.61 (resolved driver for Chrome 106)
18:01:59.468 [main] DEBUG io.github.bonigarcia.wdm.WebDriverManager - Driver chromedriver 106.0.5249.61 found in cache
18:01:59.469 [main] INFO io.github.bonigarcia.wdm.WebDriverManager - Exporting webdriver.chrome.driver as C:\Users\User\.cache\selenium\chromedriver\win32\106.0.5249.61\chromedriver.exe
18:02:00.055 [main] DEBUG net.thucydides.core.reflection.ClassFinder - Could not load class .CucumberTestSuite
18:02:00.055 [main] DEBUG net.thucydides.core.reflection.ClassFinder - Could not load class .starter.pages.BooksPage
18:02:00.055 [main] DEBUG net.thucydides.core.reflection.ClassFinder - Could not load class .starter.pages.LoginPage
18:02:00.055 [main] DEBUG net.thucydides.core.reflection.ClassFinder - Could not load class .starter.stepdefinitions.BooksSteps
18:02:00.055 [main] DEBUG net.thucydides.core.reflection.ClassFinder - Could not load class .starter.stepdefinitions.LoginSteps
18:02:00.056 [main] DEBUG net.thucydides.core.reflection.ClassFinder - Could not load class META-INF.versions.9.com.sun.istack.logging.StackHelper
18:02:00.056 [main] DEBUG net.thucydides.core.reflection.ClassFinder - Could not load class META-INF.versions.9.com.sun.xml.bind.v2.runtime.reflect.opt.AccessorInjector
18:02:00.056 [main] DEBUG net.thucydides.core.reflection.ClassFinder - Could not load class META-INF.versions.9.com.sun.xml.bind.v2.runtime.reflect.opt.Injector
18:02:00.057 [main] DEBUG net.thucydides.core.reflection.ClassFinder - Could not load class META-INF.versions.9.com.sun.xml.bind.v2.runtime.reflect.opt.OptimizedAccessorFactory
18:02:00.057 [main] DEBUG net.thucydides.core.reflection.ClassFinder - Could not load class META-INF.versions.9.com.sun.xml.bind.v2.runtime.reflect.opt.OptimizedTransducedAccessorFactory
18:02:00.057 [main] DEBUG net.thucydides.core.reflection.ClassFinder - Could not load class META-INF.versions.9.io.opentelemetry.sdk.internal.CurrentJavaVersionSpecific
18:02:00.057 [main] DEBUG net.thucydides.core.reflection.ClassFinder - Could not load class META-INF.versions.9.io.opentelemetry.sdk.internal.Java9VersionSpecific
18:02:00.058 [main] DEBUG net.thucydides.core.reflection.ClassFinder - Could not load class META-INF.versions.9.javax.xml.bind.ModuleUtil
18:02:00.058 [main] DEBUG net.thucydides.core.reflection.ClassFinder - Could not load class META-INF.versions.9.module-info
18:02:00.059 [main] DEBUG net.thucydides.core.reflection.ClassFinder - Could not load class META-INF.versions.9.org.junit.platform.commons.util.ModuleUtils
18:02:00.333 [main] DEBUG net.thucydides.core.reflection.ClassFinder - Could not load class com.google.gson.internal.
18:02:00.478 [main] DEBUG net.thucydides.core.reflection.ClassFinder - Could not load class com.sun.xml.bind.v2.runtime.output.FastInfosetStreamWriterOutput
18:02:00.900 [main] DEBUG net.thucydides.core.reflection.ClassFinder - Could not load class module-info
18:02:03.532 [main] DEBUG io.netty.util.internal.logging.InternalLoggerFactory - Using SLF4J as the default logging framework
18:02:03.536 [main] DEBUG io.netty.util.ResourceLeakDetector - -Dio.netty.leakDetection.level: simple
18:02:03.536 [main] DEBUG io.netty.util.ResourceLeakDetector - -Dio.netty.leakDetection.targetRecords: 4
18:02:03.540 [main] DEBUG io.netty.util.ResourceLeakDetectorFactory - Loaded default ResourceLeakDetector: io.netty.util.ResourceLeakDetector@39ad1fdb
18:02:03.561 [main] DEBUG io.netty.util.internal.PlatformDependent0 - -Dio.netty.noUnsafe: false
18:02:03.562 [main] DEBUG io.netty.util.internal.PlatformDependent0 - Java version: 15
18:02:03.564 [main] DEBUG io.netty.util.internal.PlatformDependent0 - sun.misc.Unsafe.theUnsafe: available
18:02:03.564 [main] DEBUG io.netty.util.internal.PlatformDependent0 - sun.misc.Unsafe.copyMemory: available
18:02:03.565 [main] DEBUG io.netty.util.internal.PlatformDependent0 - java.nio.Buffer.address: available
18:02:03.566 [main] DEBUG io.netty.util.internal.PlatformDependent0 - direct buffer constructor: unavailable: Reflective setAccessible(true) disabled
18:02:03.569 [main] DEBUG io.netty.util.internal.PlatformDependent0 - java.nio.Bits.unaligned: available, true
18:02:03.571 [main] DEBUG io.netty.util.internal.PlatformDependent0 - jdk.internal.misc.Unsafe.allocateUninitializedArray(int): unavailable: class io.netty.util.internal.PlatformDependent0$6 cannot access class jdk.internal.misc.Unsafe (in module java.base) because module java.base does not export jdk.internal.misc to unnamed module @50305a
18:02:03.573 [main] DEBUG io.netty.util.internal.PlatformDependent0 - java.nio.DirectByteBuffer.<init>(long, int): unavailable
18:02:03.573 [main] DEBUG io.netty.util.internal.PlatformDependent - sun.misc.Unsafe: available
18:02:03.577 [main] DEBUG io.netty.util.internal.PlatformDependent - maxDirectMemory: 2134900736 bytes (maybe)
18:02:03.578 [main] DEBUG io.netty.util.internal.PlatformDependent - -Dio.netty.tmpdir: C:\Users\User\AppData\Local\Temp (java.io.tmpdir)
18:02:03.578 [main] DEBUG io.netty.util.internal.PlatformDependent - -Dio.netty.bitMode: 64 (sun.arch.data.model)
18:02:03.578 [main] DEBUG io.netty.util.internal.PlatformDependent - Platform: Windows
18:02:03.580 [main] DEBUG io.netty.util.internal.PlatformDependent - -Dio.netty.maxDirectMemory: -1 bytes
18:02:03.580 [main] DEBUG io.netty.util.internal.PlatformDependent - -Dio.netty.uninitializedArrayAllocationThreshold: -1
18:02:03.582 [main] DEBUG io.netty.util.internal.CleanerJava9 - java.nio.ByteBuffer.cleaner(): available
18:02:03.582 [main] DEBUG io.netty.util.internal.PlatformDependent - -Dio.netty.noPreferDirect: false
18:02:03.593 [main] DEBUG io.netty.util.internal.PlatformDependent - org.jctools-core.MpscChunkedArrayQueue: available
18:02:03.613 [main] DEBUG io.netty.util.internal.InternalThreadLocalMap - -Dio.netty.threadLocalMap.stringBuilder.initialSize: 1024
18:02:03.613 [main] DEBUG io.netty.util.internal.InternalThreadLocalMap - -Dio.netty.threadLocalMap.stringBuilder.maxSize: 4096
18:02:03.689 [main] DEBUG io.netty.handler.ssl.JdkSslContext - Default protocols (JDK): [TLSv1.3, TLSv1.2, TLSv1.1, TLSv1] 
18:02:03.689 [main] DEBUG io.netty.handler.ssl.JdkSslContext - Default cipher suites (JDK): [TLS_ECDHE_ECDSA_WITH_AES_256_GCM_SHA384, TLS_ECDHE_ECDSA_WITH_AES_128_GCM_SHA256, TLS_ECDHE_RSA_WITH_AES_128_GCM_SHA256, TLS_ECDHE_RSA_WITH_AES_256_GCM_SHA384, TLS_ECDHE_RSA_WITH_AES_128_CBC_SHA, TLS_ECDHE_RSA_WITH_AES_256_CBC_SHA, TLS_RSA_WITH_AES_128_GCM_SHA256, TLS_RSA_WITH_AES_128_CBC_SHA, TLS_RSA_WITH_AES_256_CBC_SHA, TLS_AES_128_GCM_SHA256, TLS_AES_256_GCM_SHA384]
18:02:03.725 [main] DEBUG io.netty.channel.MultithreadEventLoopGroup - -Dio.netty.eventLoopThreads: 8
18:02:03.738 [main] DEBUG io.netty.channel.nio.NioEventLoop - -Dio.netty.noKeySetOptimization: false
18:02:03.738 [main] DEBUG io.netty.channel.nio.NioEventLoop - -Dio.netty.selectorAutoRebuildThreshold: 512
18:02:03.788 [main] DEBUG io.netty.buffer.PooledByteBufAllocator - -Dio.netty.allocator.numHeapArenas: 8
18:02:03.789 [main] DEBUG io.netty.buffer.PooledByteBufAllocator - -Dio.netty.allocator.numDirectArenas: 8
18:02:03.789 [main] DEBUG io.netty.buffer.PooledByteBufAllocator - -Dio.netty.allocator.pageSize: 8192
18:02:03.789 [main] DEBUG io.netty.buffer.PooledByteBufAllocator - -Dio.netty.allocator.maxOrder: 11
18:02:03.789 [main] DEBUG io.netty.buffer.PooledByteBufAllocator - -Dio.netty.allocator.chunkSize: 16777216
18:02:03.789 [main] DEBUG io.netty.buffer.PooledByteBufAllocator - -Dio.netty.allocator.smallCacheSize: 256
18:02:03.789 [main] DEBUG io.netty.buffer.PooledByteBufAllocator - -Dio.netty.allocator.normalCacheSize: 64
18:02:03.789 [main] DEBUG io.netty.buffer.PooledByteBufAllocator - -Dio.netty.allocator.maxCachedBufferCapacity: 32768
18:02:03.789 [main] DEBUG io.netty.buffer.PooledByteBufAllocator - -Dio.netty.allocator.cacheTrimInterval: 8192
18:02:03.789 [main] DEBUG io.netty.buffer.PooledByteBufAllocator - -Dio.netty.allocator.cacheTrimIntervalMillis: 0
18:02:03.789 [main] DEBUG io.netty.buffer.PooledByteBufAllocator - -Dio.netty.allocator.useCacheForAllThreads: true
18:02:03.789 [main] DEBUG io.netty.buffer.PooledByteBufAllocator - -Dio.netty.allocator.maxCachedByteBuffersPerChunk: 1023
18:02:03.798 [main] DEBUG io.netty.buffer.ByteBufUtil - -Dio.netty.allocator.type: pooled
18:02:03.798 [main] DEBUG io.netty.buffer.ByteBufUtil - -Dio.netty.threadLocalDirectBufferSize: 0
18:02:03.799 [main] DEBUG io.netty.buffer.ByteBufUtil - -Dio.netty.maxThreadLocalCharBufferSize: 16384
18:02:03.965 [main] DEBUG net.serenitybdd.core.webdriver.driverproviders.ProvideNewDriver - Instantiating driver
18:02:03.965 [main] DEBUG net.serenitybdd.core.webdriver.driverproviders.ProvideNewDriver - Driver capabilities: Capabilities {acceptInsecureCerts: false, base.url: https://demoqa.com/books, browserName: chrome, chrome.driver: src/test/resources/webdrive..., driver: chrome, goog:chromeOptions: {args: [], extensions: []}}
18:02:04.917 [Forwarding newSession on session null to remote] DEBUG io.netty.channel.DefaultChannelId - -Dio.netty.processId: 6396 (auto-detected)
18:02:04.919 [Forwarding newSession on session null to remote] DEBUG io.netty.util.NetUtil - -Djava.net.preferIPv4Stack: false
18:02:04.919 [Forwarding newSession on session null to remote] DEBUG io.netty.util.NetUtil - -Djava.net.preferIPv6Addresses: false
18:02:04.928 [Forwarding newSession on session null to remote] DEBUG io.netty.util.NetUtilInitializations - Loopback interface: lo (Software Loopback Interface 1, 127.0.0.1)
18:02:04.929 [Forwarding newSession on session null to remote] DEBUG io.netty.util.NetUtil - Failed to get SOMAXCONN from sysctl and file \proc\sys\net\core\somaxconn. Default: 200
18:02:04.951 [Forwarding newSession on session null to remote] DEBUG io.netty.channel.DefaultChannelId - -Dio.netty.machineId: b4:2e:99:ff:fe:a8:18:ac (auto-detected)
18:02:04.995 [AsyncHttpClient-1-2] DEBUG io.netty.buffer.AbstractByteBuf - -Dio.netty.buffer.checkAccessible: true
18:02:04.996 [AsyncHttpClient-1-2] DEBUG io.netty.buffer.AbstractByteBuf - -Dio.netty.buffer.checkBounds: true
18:02:04.996 [AsyncHttpClient-1-2] DEBUG io.netty.util.ResourceLeakDetectorFactory - Loaded default ResourceLeakDetector: io.netty.util.ResourceLeakDetector@1043a712
18:02:05.006 [AsyncHttpClient-1-2] DEBUG org.asynchttpclient.netty.channel.NettyConnectListener - Using new Channel '[id: 0xcaefdcac, L:/127.0.0.1:53203 - R:localhost/127.0.0.1:59780]' for 'POST' to '/session'
18:02:05.028 [AsyncHttpClient-1-2] DEBUG io.netty.util.Recycler - -Dio.netty.recycler.maxCapacityPerThread: 4096
18:02:05.028 [AsyncHttpClient-1-2] DEBUG io.netty.util.Recycler - -Dio.netty.recycler.ratio: 8
18:02:05.028 [AsyncHttpClient-1-2] DEBUG io.netty.util.Recycler - -Dio.netty.recycler.chunkSize: 32
18:02:05.028 [AsyncHttpClient-1-2] DEBUG io.netty.util.Recycler - -Dio.netty.recycler.blocking: false
18:02:07.334 [AsyncHttpClient-1-2] DEBUG io.netty.handler.codec.compression.Brotli - brotli4j not in the classpath; Brotli support will be unavailable.
18:02:07.335 [AsyncHttpClient-1-2] DEBUG org.asynchttpclient.netty.handler.HttpHandler - 

Request DefaultHttpRequest(decodeResult: success, version: HTTP/1.1)
POST /session HTTP/1.1
User-Agent: selenium/4.1.2 (java windows)
Content-Length: 610
Content-Type: application/json; charset=utf-8
host: localhost:59780
accept: */*

Response DefaultHttpResponse(decodeResult: success, version: HTTP/1.1)
HTTP/1.1 200 OK
Content-Type: application/json; charset=utf-8
cache-control: no-cache
content-length: 789

18:02:07.342 [AsyncHttpClient-1-2] DEBUG org.asynchttpclient.netty.channel.ChannelManager - Adding key: http://localhost:59780 for channel [id: 0xcaefdcac, L:/127.0.0.1:53203 - R:localhost/127.0.0.1:59780]
18:02:07.414 [AsyncHttpClient-1-3] DEBUG org.asynchttpclient.netty.channel.NettyConnectListener - Using new Channel '[id: 0xb4954d21, L:/127.0.0.1:50622 - R:localhost/127.0.0.1:50616]' for 'GET' to '/json/version'
18:02:07.430 [AsyncHttpClient-1-3] DEBUG org.asynchttpclient.netty.handler.HttpHandler - 

Request DefaultFullHttpRequest(decodeResult: success, version: HTTP/1.1, content: EmptyByteBufBE)
GET /json/version HTTP/1.1
User-Agent: selenium/4.1.2 (java windows)
host: localhost:50616
accept: */*

Response DefaultHttpResponse(decodeResult: success, version: HTTP/1.1)
HTTP/1.1 200 OK
Content-Type: application/json; charset=UTF-8
content-length: 424

18:02:07.431 [AsyncHttpClient-1-3] DEBUG org.asynchttpclient.netty.channel.ChannelManager - Adding key: http://localhost:50616 for channel [id: 0xb4954d21, L:/127.0.0.1:50622 - R:localhost/127.0.0.1:50616]
18:02:07.437 [main] DEBUG io.netty.util.internal.ThreadLocalRandom - -Dio.netty.initialSeedUniquifier: 0xea55a538f03d499c
18:02:07.444 [AsyncHttpClient-1-4] DEBUG org.asynchttpclient.netty.channel.NettyConnectListener - Using new Channel '[id: 0x61f87009, L:/127.0.0.1:50623 - R:localhost/127.0.0.1:50616]' for 'GET' to '/devtools/browser/990314dc-bd3b-4e5f-b319-c58051bce41e'
18:02:07.452 [AsyncHttpClient-1-4] DEBUG org.asynchttpclient.netty.handler.WebSocketHandler - 

Request DefaultFullHttpRequest(decodeResult: success, version: HTTP/1.1, content: EmptyByteBufBE)
GET /devtools/browser/990314dc-bd3b-4e5f-b319-c58051bce41e HTTP/1.1
upgrade: websocket
connection: upgrade
sec-websocket-key: 74F6G0kttdmKtX7u51x/Ag==
sec-websocket-version: 13
origin: http://localhost:50616
host: localhost:50616
accept: */*
user-agent: AHC/2.1

Response DefaultHttpResponse(decodeResult: success, version: HTTP/1.1)
HTTP/1.1 101 WebSocket Protocol Handshake
Upgrade: WebSocket
Connection: Upgrade
Sec-WebSocket-Accept: 6MIe75/5ZslEVQHPzoHD8aA2Vmw=

18:02:08.006 [AsyncHttpClient-1-1] DEBUG org.asynchttpclient.netty.channel.DefaultChannelPool - Entry count for : http://localhost:59780 : 1
18:02:08.006 [AsyncHttpClient-1-1] DEBUG org.asynchttpclient.netty.channel.DefaultChannelPool - Entry count for : http://localhost:50616 : 1
18:02:08.272 [main] DEBUG net.thucydides.core.reflection.ClassFinder - Could not load class .CucumberTestSuite
18:02:08.272 [main] DEBUG net.thucydides.core.reflection.ClassFinder - Could not load class .starter.pages.BooksPage
18:02:08.272 [main] DEBUG net.thucydides.core.reflection.ClassFinder - Could not load class .starter.pages.LoginPage
18:02:08.272 [main] DEBUG net.thucydides.core.reflection.ClassFinder - Could not load class .starter.stepdefinitions.BooksSteps
18:02:08.272 [main] DEBUG net.thucydides.core.reflection.ClassFinder - Could not load class .starter.stepdefinitions.LoginSteps
18:02:08.272 [main] DEBUG net.thucydides.core.reflection.ClassFinder - Could not load class META-INF.versions.9.com.sun.istack.logging.StackHelper
18:02:08.273 [main] DEBUG net.thucydides.core.reflection.ClassFinder - Could not load class META-INF.versions.9.com.sun.xml.bind.v2.runtime.reflect.opt.AccessorInjector
18:02:08.273 [main] DEBUG net.thucydides.core.reflection.ClassFinder - Could not load class META-INF.versions.9.com.sun.xml.bind.v2.runtime.reflect.opt.Injector
18:02:08.273 [main] DEBUG net.thucydides.core.reflection.ClassFinder - Could not load class META-INF.versions.9.com.sun.xml.bind.v2.runtime.reflect.opt.OptimizedAccessorFactory
18:02:08.273 [main] DEBUG net.thucydides.core.reflection.ClassFinder - Could not load class META-INF.versions.9.com.sun.xml.bind.v2.runtime.reflect.opt.OptimizedTransducedAccessorFactory
18:02:08.273 [main] DEBUG net.thucydides.core.reflection.ClassFinder - Could not load class META-INF.versions.9.io.opentelemetry.sdk.internal.CurrentJavaVersionSpecific
18:02:08.274 [main] DEBUG net.thucydides.core.reflection.ClassFinder - Could not load class META-INF.versions.9.io.opentelemetry.sdk.internal.Java9VersionSpecific
18:02:08.274 [main] DEBUG net.thucydides.core.reflection.ClassFinder - Could not load class META-INF.versions.9.javax.xml.bind.ModuleUtil
18:02:08.274 [main] DEBUG net.thucydides.core.reflection.ClassFinder - Could not load class META-INF.versions.9.module-info
18:02:08.275 [main] DEBUG net.thucydides.core.reflection.ClassFinder - Could not load class META-INF.versions.9.org.junit.platform.commons.util.ModuleUtils
18:02:08.276 [main] DEBUG net.thucydides.core.reflection.ClassFinder - Could not load class com.google.gson.internal.
18:02:08.277 [main] DEBUG net.thucydides.core.reflection.ClassFinder - Could not load class com.sun.xml.bind.v2.runtime.output.FastInfosetStreamWriterOutput
18:02:08.279 [main] DEBUG net.thucydides.core.reflection.ClassFinder - Could not load class module-info
18:02:08.300 [Forwarding get on session 5a5f6403b55edb93fbefec01e2fec704 to remote] DEBUG org.asynchttpclient.netty.request.NettyRequestSender - Using pooled Channel '[id: 0xcaefdcac, L:/127.0.0.1:53203 - R:localhost/127.0.0.1:59780]' for 'POST' to 'http://localhost:59780/session/5a5f6403b55edb93fbefec01e2fec704/url'
18:02:08.300 [Forwarding get on session 5a5f6403b55edb93fbefec01e2fec704 to remote] DEBUG org.asynchttpclient.netty.request.NettyRequestSender - Using open Channel [id: 0xcaefdcac, L:/127.0.0.1:53203 - R:localhost/127.0.0.1:59780] for POST '/session/5a5f6403b55edb93fbefec01e2fec704/url'
18:02:09.101 [AsyncHttpClient-1-1] DEBUG org.asynchttpclient.netty.channel.DefaultChannelPool - Entry count for : http://localhost:50616 : 1
18:02:10.198 [AsyncHttpClient-1-1] DEBUG org.asynchttpclient.netty.channel.DefaultChannelPool - Entry count for : http://localhost:50616 : 1
18:02:11.299 [AsyncHttpClient-1-1] DEBUG org.asynchttpclient.netty.channel.DefaultChannelPool - Entry count for : http://localhost:50616 : 1
18:02:12.399 [AsyncHttpClient-1-1] DEBUG org.asynchttpclient.netty.channel.DefaultChannelPool - Entry count for : http://localhost:50616 : 1
18:02:13.500 [AsyncHttpClient-1-1] DEBUG org.asynchttpclient.netty.channel.DefaultChannelPool - Entry count for : http://localhost:50616 : 1
18:02:14.601 [AsyncHttpClient-1-1] DEBUG org.asynchttpclient.netty.channel.DefaultChannelPool - Entry count for : http://localhost:50616 : 1
18:02:15.705 [AsyncHttpClient-1-1] DEBUG org.asynchttpclient.netty.channel.DefaultChannelPool - Entry count for : http://localhost:50616 : 1
18:02:16.799 [AsyncHttpClient-1-1] DEBUG org.asynchttpclient.netty.channel.DefaultChannelPool - Entry count for : http://localhost:50616 : 1
18:02:17.898 [AsyncHttpClient-1-1] DEBUG org.asynchttpclient.netty.channel.DefaultChannelPool - Entry count for : http://localhost:50616 : 1
18:02:19.005 [AsyncHttpClient-1-1] DEBUG org.asynchttpclient.netty.channel.DefaultChannelPool - Entry count for : http://localhost:50616 : 1
18:02:20.109 [AsyncHttpClient-1-1] DEBUG org.asynchttpclient.netty.channel.DefaultChannelPool - Entry count for : http://localhost:50616 : 1
18:02:21.205 [AsyncHttpClient-1-1] DEBUG org.asynchttpclient.netty.channel.DefaultChannelPool - Entry count for : http://localhost:50616 : 1
18:02:22.305 [AsyncHttpClient-1-1] DEBUG org.asynchttpclient.netty.channel.DefaultChannelPool - Entry count for : http://localhost:50616 : 1
18:02:23.402 [AsyncHttpClient-1-1] DEBUG org.asynchttpclient.netty.channel.DefaultChannelPool - Entry count for : http://localhost:50616 : 1
18:02:24.500 [AsyncHttpClient-1-1] DEBUG org.asynchttpclient.netty.channel.DefaultChannelPool - Entry count for : http://localhost:50616 : 1
18:02:25.601 [AsyncHttpClient-1-1] DEBUG org.asynchttpclient.netty.channel.DefaultChannelPool - Entry count for : http://localhost:50616 : 1
18:02:26.698 [AsyncHttpClient-1-1] DEBUG org.asynchttpclient.netty.channel.DefaultChannelPool - Entry count for : http://localhost:50616 : 1
18:02:27.798 [AsyncHttpClient-1-1] DEBUG org.asynchttpclient.netty.channel.DefaultChannelPool - Entry count for : http://localhost:50616 : 1
18:02:28.906 [AsyncHttpClient-1-1] DEBUG org.asynchttpclient.netty.channel.DefaultChannelPool - Entry count for : http://localhost:50616 : 1
18:02:30.001 [AsyncHttpClient-1-1] DEBUG org.asynchttpclient.netty.channel.DefaultChannelPool - Entry count for : http://localhost:50616 : 1
18:02:31.009 [AsyncHttpClient-1-2] DEBUG org.asynchttpclient.netty.handler.HttpHandler - 

Request DefaultHttpRequest(decodeResult: success, version: HTTP/1.1)
POST /session/5a5f6403b55edb93fbefec01e2fec704/url HTTP/1.1
User-Agent: selenium/4.1.2 (java windows)
Content-Length: 60
Content-Type: application/json; charset=utf-8
host: localhost:59780
accept: */*

Response DefaultHttpResponse(decodeResult: success, version: HTTP/1.1)
HTTP/1.1 200 OK
Content-Type: application/json; charset=utf-8
cache-control: no-cache
content-length: 14

18:02:31.010 [AsyncHttpClient-1-2] DEBUG org.asynchttpclient.netty.channel.ChannelManager - Adding key: http://localhost:59780 for channel [id: 0xcaefdcac, L:/127.0.0.1:53203 - R:localhost/127.0.0.1:59780]
18:02:31.018 [Forwarding setTimeout on session 5a5f6403b55edb93fbefec01e2fec704 to remote] DEBUG org.asynchttpclient.netty.request.NettyRequestSender - Using pooled Channel '[id: 0xcaefdcac, L:/127.0.0.1:53203 - R:localhost/127.0.0.1:59780]' for 'POST' to 'http://localhost:59780/session/5a5f6403b55edb93fbefec01e2fec704/timeouts'
18:02:31.018 [Forwarding setTimeout on session 5a5f6403b55edb93fbefec01e2fec704 to remote] DEBUG org.asynchttpclient.netty.request.NettyRequestSender - Using open Channel [id: 0xcaefdcac, L:/127.0.0.1:53203 - R:localhost/127.0.0.1:59780] for POST '/session/5a5f6403b55edb93fbefec01e2fec704/timeouts'
18:02:31.020 [AsyncHttpClient-1-2] DEBUG org.asynchttpclient.netty.handler.HttpHandler - 

Request DefaultHttpRequest(decodeResult: success, version: HTTP/1.1)
POST /session/5a5f6403b55edb93fbefec01e2fec704/timeouts HTTP/1.1
User-Agent: selenium/4.1.2 (java windows)
Content-Length: 22
Content-Type: application/json; charset=utf-8
host: localhost:59780
accept: */*

Response DefaultHttpResponse(decodeResult: success, version: HTTP/1.1)
HTTP/1.1 200 OK
Content-Type: application/json; charset=utf-8
cache-control: no-cache
content-length: 14

18:02:31.020 [AsyncHttpClient-1-2] DEBUG org.asynchttpclient.netty.channel.ChannelManager - Adding key: http://localhost:59780 for channel [id: 0xcaefdcac, L:/127.0.0.1:53203 - R:localhost/127.0.0.1:59780]
18:02:31.026 [Forwarding getCurrentUrl on session 5a5f6403b55edb93fbefec01e2fec704 to remote] DEBUG org.asynchttpclient.netty.request.NettyRequestSender - Using pooled Channel '[id: 0xcaefdcac, L:/127.0.0.1:53203 - R:localhost/127.0.0.1:59780]' for 'GET' to 'http://localhost:59780/session/5a5f6403b55edb93fbefec01e2fec704/url'
18:02:31.026 [Forwarding getCurrentUrl on session 5a5f6403b55edb93fbefec01e2fec704 to remote] DEBUG org.asynchttpclient.netty.request.NettyRequestSender - Using open Channel [id: 0xcaefdcac, L:/127.0.0.1:53203 - R:localhost/127.0.0.1:59780] for GET '/session/5a5f6403b55edb93fbefec01e2fec704/url'
18:02:31.032 [AsyncHttpClient-1-2] DEBUG org.asynchttpclient.netty.handler.HttpHandler - 

Request DefaultFullHttpRequest(decodeResult: success, version: HTTP/1.1, content: EmptyByteBufBE)
GET /session/5a5f6403b55edb93fbefec01e2fec704/url HTTP/1.1
User-Agent: selenium/4.1.2 (java windows)
Cache-Control: no-cache
Content-Type: application/json; charset=utf-8
host: localhost:59780
accept: */*

Response DefaultHttpResponse(decodeResult: success, version: HTTP/1.1)
HTTP/1.1 200 OK
Content-Type: application/json; charset=utf-8
cache-control: no-cache
content-length: 37

18:02:31.033 [AsyncHttpClient-1-2] DEBUG org.asynchttpclient.netty.channel.ChannelManager - Adding key: http://localhost:59780 for channel [id: 0xcaefdcac, L:/127.0.0.1:53203 - R:localhost/127.0.0.1:59780]
  &amp#27;[32mGiven &amp#27;[0m&amp#27;[32mI on book store page&amp#27;[0m         &amp#27;[90m# starter.stepdefinitions.BooksSteps.iOnBookStorePage()&amp#27;[0m
18:02:31.068 [main] DEBUG net.serenitybdd.core.photography.Darkroom - Opening darkroom
18:02:31.073 [Forwarding screenshot on session 5a5f6403b55edb93fbefec01e2fec704 to remote] DEBUG org.asynchttpclient.netty.request.NettyRequestSender - Using pooled Channel '[id: 0xcaefdcac, L:/127.0.0.1:53203 - R:localhost/127.0.0.1:59780]' for 'GET' to 'http://localhost:59780/session/5a5f6403b55edb93fbefec01e2fec704/screenshot'
18:02:31.073 [Forwarding screenshot on session 5a5f6403b55edb93fbefec01e2fec704 to remote] DEBUG org.asynchttpclient.netty.request.NettyRequestSender - Using open Channel [id: 0xcaefdcac, L:/127.0.0.1:53203 - R:localhost/127.0.0.1:59780] for GET '/session/5a5f6403b55edb93fbefec01e2fec704/screenshot'
18:02:31.073 [Darkroom Processing Line] DEBUG net.serenitybdd.core.photography.DarkroomProcessingLine - Darkroom processing line starting up
18:02:31.116 [AsyncHttpClient-1-1] DEBUG org.asynchttpclient.netty.channel.DefaultChannelPool - Entry count for : http://localhost:50616 : 1
18:02:31.260 [AsyncHttpClient-1-2] DEBUG org.asynchttpclient.netty.handler.HttpHandler - 

Request DefaultFullHttpRequest(decodeResult: success, version: HTTP/1.1, content: EmptyByteBufBE)
GET /session/5a5f6403b55edb93fbefec01e2fec704/screenshot HTTP/1.1
User-Agent: selenium/4.1.2 (java windows)
Cache-Control: no-cache
Content-Type: application/json; charset=utf-8
host: localhost:59780
accept: */*

Response DefaultHttpResponse(decodeResult: success, version: HTTP/1.1)
HTTP/1.1 200 OK
Content-Type: application/json; charset=utf-8
cache-control: no-cache
content-length: 326064

18:02:31.264 [AsyncHttpClient-1-2] DEBUG org.asynchttpclient.netty.channel.ChannelManager - Adding key: http://localhost:59780 for channel [id: 0xcaefdcac, L:/127.0.0.1:53203 - R:localhost/127.0.0.1:59780]
18:02:31.360 [main] DEBUG net.serenitybdd.core.photography.Darkroom - Send negative for processing for target\site\serenity\89af550703a9d621fb5ffb99b1f05d0f8d1d48d1c8ab14315f371a8f8b6de687.png
18:02:31.360 [Darkroom Processing Line] DEBUG net.serenitybdd.core.photography.DarkroomProcessingLine - Processing screenshot image in /var/screenshots/screenshot-4741311162111604180
18:02:31.360 [Darkroom Processing Line] DEBUG net.serenitybdd.core.photography.DarkroomProcessingLine - Saving screenshot to target\site\serenity\89af550703a9d621fb5ffb99b1f05d0f8d1d48d1c8ab14315f371a8f8b6de687.png
18:02:31.395 [Forwarding findElement on session 5a5f6403b55edb93fbefec01e2fec704 to remote] DEBUG org.asynchttpclient.netty.request.NettyRequestSender - Using pooled Channel '[id: 0xcaefdcac, L:/127.0.0.1:53203 - R:localhost/127.0.0.1:59780]' for 'POST' to 'http://localhost:59780/session/5a5f6403b55edb93fbefec01e2fec704/element'
18:02:31.395 [Forwarding findElement on session 5a5f6403b55edb93fbefec01e2fec704 to remote] DEBUG org.asynchttpclient.netty.request.NettyRequestSender - Using open Channel [id: 0xcaefdcac, L:/127.0.0.1:53203 - R:localhost/127.0.0.1:59780] for POST '/session/5a5f6403b55edb93fbefec01e2fec704/element'
18:02:31.423 [AsyncHttpClient-1-2] DEBUG org.asynchttpclient.netty.handler.HttpHandler - 

Request DefaultHttpRequest(decodeResult: success, version: HTTP/1.1)
POST /session/5a5f6403b55edb93fbefec01e2fec704/element HTTP/1.1
User-Agent: selenium/4.1.2 (java windows)
Content-Length: 54
Content-Type: application/json; charset=utf-8
host: localhost:59780
accept: */*

Response DefaultHttpResponse(decodeResult: success, version: HTTP/1.1)
HTTP/1.1 200 OK
Content-Type: application/json; charset=utf-8
cache-control: no-cache
content-length: 88

18:02:31.423 [AsyncHttpClient-1-2] DEBUG org.asynchttpclient.netty.channel.ChannelManager - Adding key: http://localhost:59780 for channel [id: 0xcaefdcac, L:/127.0.0.1:53203 - R:localhost/127.0.0.1:59780]
18:02:31.425 [Forwarding clearElement on session 5a5f6403b55edb93fbefec01e2fec704 to remote] DEBUG org.asynchttpclient.netty.request.NettyRequestSender - Using pooled Channel '[id: 0xcaefdcac, L:/127.0.0.1:53203 - R:localhost/127.0.0.1:59780]' for 'POST' to 'http://localhost:59780/session/5a5f6403b55edb93fbefec01e2fec704/element/1dbf65f0-81a3-42c8-a1ad-9ac88c98c50c/clear'
18:02:31.425 [Forwarding clearElement on session 5a5f6403b55edb93fbefec01e2fec704 to remote] DEBUG org.asynchttpclient.netty.request.NettyRequestSender - Using open Channel [id: 0xcaefdcac, L:/127.0.0.1:53203 - R:localhost/127.0.0.1:59780] for POST '/session/5a5f6403b55edb93fbefec01e2fec704/element/1dbf65f0-81a3-42c8-a1ad-9ac88c98c50c/clear'
18:02:31.464 [AsyncHttpClient-1-2] DEBUG org.asynchttpclient.netty.handler.HttpHandler - 

Request DefaultHttpRequest(decodeResult: success, version: HTTP/1.1)
POST /session/5a5f6403b55edb93fbefec01e2fec704/element/1dbf65f0-81a3-42c8-a1ad-9ac88c98c50c/clear HTTP/1.1
User-Agent: selenium/4.1.2 (java windows)
Content-Length: 50
Content-Type: application/json; charset=utf-8
host: localhost:59780
accept: */*

Response DefaultHttpResponse(decodeResult: success, version: HTTP/1.1)
HTTP/1.1 200 OK
Content-Type: application/json; charset=utf-8
cache-control: no-cache
content-length: 14

18:02:31.464 [AsyncHttpClient-1-2] DEBUG org.asynchttpclient.netty.channel.ChannelManager - Adding key: http://localhost:59780 for channel [id: 0xcaefdcac, L:/127.0.0.1:53203 - R:localhost/127.0.0.1:59780]
18:02:31.472 [Forwarding sendKeysToElement on session 5a5f6403b55edb93fbefec01e2fec704 to remote] DEBUG org.asynchttpclient.netty.request.NettyRequestSender - Using pooled Channel '[id: 0xcaefdcac, L:/127.0.0.1:53203 - R:localhost/127.0.0.1:59780]' for 'POST' to 'http://localhost:59780/session/5a5f6403b55edb93fbefec01e2fec704/element/1dbf65f0-81a3-42c8-a1ad-9ac88c98c50c/value'
18:02:31.472 [Forwarding sendKeysToElement on session 5a5f6403b55edb93fbefec01e2fec704 to remote] DEBUG org.asynchttpclient.netty.request.NettyRequestSender - Using open Channel [id: 0xcaefdcac, L:/127.0.0.1:53203 - R:localhost/127.0.0.1:59780] for POST '/session/5a5f6403b55edb93fbefec01e2fec704/element/1dbf65f0-81a3-42c8-a1ad-9ac88c98c50c/value'
18:02:31.708 [AsyncHttpClient-1-2] DEBUG org.asynchttpclient.netty.handler.HttpHandler - 

Request DefaultHttpRequest(decodeResult: success, version: HTTP/1.1)
POST /session/5a5f6403b55edb93fbefec01e2fec704/element/1dbf65f0-81a3-42c8-a1ad-9ac88c98c50c/value HTTP/1.1
User-Agent: selenium/4.1.2 (java windows)
Content-Length: 241
Content-Type: application/json; charset=utf-8
host: localhost:59780
accept: */*

Response DefaultHttpResponse(decodeResult: success, version: HTTP/1.1)
HTTP/1.1 200 OK
Content-Type: application/json; charset=utf-8
cache-control: no-cache
content-length: 14

18:02:31.708 [AsyncHttpClient-1-2] DEBUG org.asynchttpclient.netty.channel.ChannelManager - Adding key: http://localhost:59780 for channel [id: 0xcaefdcac, L:/127.0.0.1:53203 - R:localhost/127.0.0.1:59780]
  &amp#27;[32mWhen &amp#27;[0m&amp#27;[32mI input available book name&amp#27;[0m   &amp#27;[90m# starter.stepdefinitions.BooksSteps.iInputAvailableBookName()&amp#27;[0m
18:02:31.724 [Forwarding screenshot on session 5a5f6403b55edb93fbefec01e2fec704 to remote] DEBUG org.asynchttpclient.netty.request.NettyRequestSender - Using pooled Channel '[id: 0xcaefdcac, L:/127.0.0.1:53203 - R:localhost/127.0.0.1:59780]' for 'GET' to 'http://localhost:59780/session/5a5f6403b55edb93fbefec01e2fec704/screenshot'
18:02:31.725 [Forwarding screenshot on session 5a5f6403b55edb93fbefec01e2fec704 to remote] DEBUG org.asynchttpclient.netty.request.NettyRequestSender - Using open Channel [id: 0xcaefdcac, L:/127.0.0.1:53203 - R:localhost/127.0.0.1:59780] for GET '/session/5a5f6403b55edb93fbefec01e2fec704/screenshot'
18:02:31.931 [AsyncHttpClient-1-2] DEBUG org.asynchttpclient.netty.handler.HttpHandler - 

Request DefaultFullHttpRequest(decodeResult: success, version: HTTP/1.1, content: EmptyByteBufBE)
GET /session/5a5f6403b55edb93fbefec01e2fec704/screenshot HTTP/1.1
User-Agent: selenium/4.1.2 (java windows)
Cache-Control: no-cache
Content-Type: application/json; charset=utf-8
host: localhost:59780
accept: */*

Response DefaultHttpResponse(decodeResult: success, version: HTTP/1.1)
HTTP/1.1 200 OK
Content-Type: application/json; charset=utf-8
cache-control: no-cache
content-length: 265796

18:02:31.933 [AsyncHttpClient-1-2] DEBUG org.asynchttpclient.netty.channel.ChannelManager - Adding key: http://localhost:59780 for channel [id: 0xcaefdcac, L:/127.0.0.1:53203 - R:localhost/127.0.0.1:59780]
18:02:31.952 [main] DEBUG net.serenitybdd.core.photography.Darkroom - Send negative for processing for target\site\serenity\3537b7ba84b4db6a9e1f6e5510b1951cc444c8e24074454c2be74fe908203a7e.png
18:02:31.962 [Forwarding findElement on session 5a5f6403b55edb93fbefec01e2fec704 to remote] DEBUG org.asynchttpclient.netty.request.NettyRequestSender - Using pooled Channel '[id: 0xcaefdcac, L:/127.0.0.1:53203 - R:localhost/127.0.0.1:59780]' for 'POST' to 'http://localhost:59780/session/5a5f6403b55edb93fbefec01e2fec704/element'
18:02:31.962 [Forwarding findElement on session 5a5f6403b55edb93fbefec01e2fec704 to remote] DEBUG org.asynchttpclient.netty.request.NettyRequestSender - Using open Channel [id: 0xcaefdcac, L:/127.0.0.1:53203 - R:localhost/127.0.0.1:59780] for POST '/session/5a5f6403b55edb93fbefec01e2fec704/element'
18:02:31.968 [Darkroom Processing Line] DEBUG net.serenitybdd.core.photography.DarkroomProcessingLine - Processing screenshot image in /var/screenshots/screenshot-13918645627978699124
18:02:31.968 [Darkroom Processing Line] DEBUG net.serenitybdd.core.photography.DarkroomProcessingLine - Saving screenshot to target\site\serenity\3537b7ba84b4db6a9e1f6e5510b1951cc444c8e24074454c2be74fe908203a7e.png
18:02:32.019 [AsyncHttpClient-1-2] DEBUG org.asynchttpclient.netty.handler.HttpHandler - 

Request DefaultHttpRequest(decodeResult: success, version: HTTP/1.1)
POST /session/5a5f6403b55edb93fbefec01e2fec704/element HTTP/1.1
User-Agent: selenium/4.1.2 (java windows)
Content-Length: 41
Content-Type: application/json; charset=utf-8
host: localhost:59780
accept: */*

Response DefaultHttpResponse(decodeResult: success, version: HTTP/1.1)
HTTP/1.1 400 Bad Request
Content-Type: application/json; charset=utf-8
cache-control: no-cache
content-length: 958

18:02:32.019 [AsyncHttpClient-1-2] DEBUG org.asynchttpclient.netty.channel.ChannelManager - Adding key: http://localhost:59780 for channel [id: 0xcaefdcac, L:/127.0.0.1:53203 - R:localhost/127.0.0.1:59780]
18:02:32.027 [Forwarding findElement on session 5a5f6403b55edb93fbefec01e2fec704 to remote] DEBUG org.asynchttpclient.netty.request.NettyRequestSender - Using pooled Channel '[id: 0xcaefdcac, L:/127.0.0.1:53203 - R:localhost/127.0.0.1:59780]' for 'POST' to 'http://localhost:59780/session/5a5f6403b55edb93fbefec01e2fec704/element'
18:02:32.027 [Forwarding findElement on session 5a5f6403b55edb93fbefec01e2fec704 to remote] DEBUG org.asynchttpclient.netty.request.NettyRequestSender - Using open Channel [id: 0xcaefdcac, L:/127.0.0.1:53203 - R:localhost/127.0.0.1:59780] for POST '/session/5a5f6403b55edb93fbefec01e2fec704/element'
18:02:32.041 [AsyncHttpClient-1-2] DEBUG org.asynchttpclient.netty.handler.HttpHandler - 

Request DefaultHttpRequest(decodeResult: success, version: HTTP/1.1)
POST /session/5a5f6403b55edb93fbefec01e2fec704/element HTTP/1.1
User-Agent: selenium/4.1.2 (java windows)
Content-Length: 51
Content-Type: application/json; charset=utf-8
host: localhost:59780
accept: */*

Response DefaultHttpResponse(decodeResult: success, version: HTTP/1.1)
HTTP/1.1 200 OK
Content-Type: application/json; charset=utf-8
cache-control: no-cache
content-length: 88

18:02:32.041 [AsyncHttpClient-1-2] DEBUG org.asynchttpclient.netty.channel.ChannelManager - Adding key: http://localhost:59780 for channel [id: 0xcaefdcac, L:/127.0.0.1:53203 - R:localhost/127.0.0.1:59780]
18:02:32.054 [Forwarding isElementDisplayed on session 5a5f6403b55edb93fbefec01e2fec704 to remote] DEBUG org.asynchttpclient.netty.request.NettyRequestSender - Using pooled Channel '[id: 0xcaefdcac, L:/127.0.0.1:53203 - R:localhost/127.0.0.1:59780]' for 'POST' to 'http://localhost:59780/session/5a5f6403b55edb93fbefec01e2fec704/execute/sync'
18:02:32.054 [Forwarding isElementDisplayed on session 5a5f6403b55edb93fbefec01e2fec704 to remote] DEBUG org.asynchttpclient.netty.request.NettyRequestSender - Using open Channel [id: 0xcaefdcac, L:/127.0.0.1:53203 - R:localhost/127.0.0.1:59780] for POST '/session/5a5f6403b55edb93fbefec01e2fec704/execute/sync'
18:02:32.104 [AsyncHttpClient-1-2] DEBUG org.asynchttpclient.netty.handler.HttpHandler - 

Request DefaultHttpRequest(decodeResult: success, version: HTTP/1.1)
POST /session/5a5f6403b55edb93fbefec01e2fec704/execute/sync HTTP/1.1
User-Agent: selenium/4.1.2 (java windows)
Content-Length: 48780
Content-Type: application/json; charset=utf-8
host: localhost:59780
accept: */*

Response DefaultHttpResponse(decodeResult: success, version: HTTP/1.1)
HTTP/1.1 200 OK
Content-Type: application/json; charset=utf-8
cache-control: no-cache
content-length: 14

18:02:32.104 [AsyncHttpClient-1-2] DEBUG org.asynchttpclient.netty.channel.ChannelManager - Adding key: http://localhost:59780 for channel [id: 0xcaefdcac, L:/127.0.0.1:53203 - R:localhost/127.0.0.1:59780]
  &amp#27;[32mThen &amp#27;[0m&amp#27;[32mI will get book I want&amp#27;[0m        &amp#27;[90m# starter.stepdefinitions.BooksSteps.iWillGetBookIWant()&amp#27;[0m
18:02:32.108 [Forwarding screenshot on session 5a5f6403b55edb93fbefec01e2fec704 to remote] DEBUG org.asynchttpclient.netty.request.NettyRequestSender - Using pooled Channel '[id: 0xcaefdcac, L:/127.0.0.1:53203 - R:localhost/127.0.0.1:59780]' for 'GET' to 'http://localhost:59780/session/5a5f6403b55edb93fbefec01e2fec704/screenshot'
18:02:32.108 [Forwarding screenshot on session 5a5f6403b55edb93fbefec01e2fec704 to remote] DEBUG org.asynchttpclient.netty.request.NettyRequestSender - Using open Channel [id: 0xcaefdcac, L:/127.0.0.1:53203 - R:localhost/127.0.0.1:59780] for GET '/session/5a5f6403b55edb93fbefec01e2fec704/screenshot'
18:02:32.201 [AsyncHttpClient-1-1] DEBUG org.asynchttpclient.netty.channel.DefaultChannelPool - Entry count for : http://localhost:50616 : 1
18:02:32.235 [AsyncHttpClient-1-2] DEBUG org.asynchttpclient.netty.handler.HttpHandler - 

Request DefaultFullHttpRequest(decodeResult: success, version: HTTP/1.1, content: EmptyByteBufBE)
GET /session/5a5f6403b55edb93fbefec01e2fec704/screenshot HTTP/1.1
User-Agent: selenium/4.1.2 (java windows)
Cache-Control: no-cache
Content-Type: application/json; charset=utf-8
host: localhost:59780
accept: */*

Response DefaultHttpResponse(decodeResult: success, version: HTTP/1.1)
HTTP/1.1 200 OK
Content-Type: application/json; charset=utf-8
cache-control: no-cache
content-length: 272644

18:02:32.237 [AsyncHttpClient-1-2] DEBUG org.asynchttpclient.netty.channel.ChannelManager - Adding key: http://localhost:59780 for channel [id: 0xcaefdcac, L:/127.0.0.1:53203 - R:localhost/127.0.0.1:59780]
18:02:32.250 [main] DEBUG net.serenitybdd.core.photography.Darkroom - Send negative for processing for target\site\serenity\d52b9769777ccbbb73d83db8497590cbf02eca84ce1ff68b0b8c1468efb54a32.png
18:02:32.252 [Darkroom Processing Line] DEBUG net.serenitybdd.core.photography.DarkroomProcessingLine - Processing screenshot image in /var/screenshots/screenshot-16549410099588590573
18:02:32.252 [Darkroom Processing Line] DEBUG net.serenitybdd.core.photography.DarkroomProcessingLine - Saving screenshot to target\site\serenity\d52b9769777ccbbb73d83db8497590cbf02eca84ce1ff68b0b8c1468efb54a32.png
18:02:32.255 [main] INFO  - 
  _____   ___   ___   _____     ___     _     ___   ___   ___   ___  
 |_   _| | __| / __| |_   _|   | _ \   /_\   / __| / __| | __| |   \ 
   | |   | _|  \__ \   | |     |  _/  / _ \  \__ \ \__ \ | _|  | |) |
   |_|   |___| |___/   |_|     |_|   /_/ \_\ |___/ |___/ |___| |___/ 

Search with available book
----------------------------------------------------------------------
18:02:32.355 [Driver Command Executor] DEBUG org.asynchttpclient.netty.request.NettyRequestSender - Using pooled Channel '[id: 0xcaefdcac, L:/127.0.0.1:53203 - R:localhost/127.0.0.1:59780]' for 'DELETE' to 'http://localhost:59780/session/5a5f6403b55edb93fbefec01e2fec704'
18:02:32.356 [Driver Command Executor] DEBUG org.asynchttpclient.netty.request.NettyRequestSender - Using open Channel [id: 0xcaefdcac, L:/127.0.0.1:53203 - R:localhost/127.0.0.1:59780] for DELETE '/session/5a5f6403b55edb93fbefec01e2fec704'
18:02:32.356 [AsyncHttpClient-1-4] DEBUG org.asynchttpclient.netty.handler.WebSocketHandler - Channel Closed: [id: 0x61f87009, L:/127.0.0.1:50623 ! R:localhost/127.0.0.1:50616] with attribute NettyResponseFuture{currentRetry=5,
	isDone=1,
	isCancelled=0,
	asyncHandler=org.asynchttpclient.ws.WebSocketUpgradeHandler@3b570d97,
	nettyRequest=org.asynchttpclient.netty.request.NettyRequest@20baf3bb,
	future=java.util.concurrent.CompletableFuture@1c5af969[Completed normally],
	uri=ws://localhost:50616/devtools/browser/990314dc-bd3b-4e5f-b319-c58051bce41e,
	keepAlive=true,
	redirectCount=0,
	timeoutsHolder=null,
	inAuth=0,
	touch=1665136927463}
18:02:32.357 [AsyncHttpClient-1-4] DEBUG org.asynchttpclient.netty.channel.ChannelManager - Closing Channel [id: 0x61f87009, L:/127.0.0.1:50623 ! R:localhost/127.0.0.1:50616] 
18:02:32.415 [AsyncHttpClient-1-3] DEBUG org.asynchttpclient.netty.handler.HttpHandler - Unexpected I/O exception on channel [id: 0xb4954d21, L:/127.0.0.1:50622 - R:localhost/127.0.0.1:50616]
java.net.SocketException: Connection reset
	at java.base/sun.nio.ch.SocketChannelImpl.throwConnectionReset(SocketChannelImpl.java:367)
	at java.base/sun.nio.ch.SocketChannelImpl.read(SocketChannelImpl.java:398)
	at io.netty.buffer.PooledByteBuf.setBytes(PooledByteBuf.java:258)
	at io.netty.buffer.AbstractByteBuf.writeBytes(AbstractByteBuf.java:1132)
	at io.netty.channel.socket.nio.NioSocketChannel.doReadBytes(NioSocketChannel.java:350)
	at io.netty.channel.nio.AbstractNioByteChannel$NioByteUnsafe.read(AbstractNioByteChannel.java:151)
	at io.netty.channel.nio.NioEventLoop.processSelectedKey(NioEventLoop.java:722)
	at io.netty.channel.nio.NioEventLoop.processSelectedKeysOptimized(NioEventLoop.java:658)
	at io.netty.channel.nio.NioEventLoop.processSelectedKeys(NioEventLoop.java:584)
	at io.netty.channel.nio.NioEventLoop.run(NioEventLoop.java:496)
	at io.netty.util.concurrent.SingleThreadEventExecutor$4.run(SingleThreadEventExecutor.java:986)
	at io.netty.util.internal.ThreadExecutorMap$2.run(ThreadExecutorMap.java:74)
	at io.netty.util.concurrent.FastThreadLocalRunnable.run(FastThreadLocalRunnable.java:30)
	at java.base/java.lang.Thread.run(Thread.java:832)
18:02:32.416 [AsyncHttpClient-1-3] DEBUG org.asynchttpclient.netty.channel.ChannelManager - Closing Channel [id: 0xb4954d21, L:/127.0.0.1:50622 - R:localhost/127.0.0.1:50616] 
18:02:32.418 [AsyncHttpClient-1-3] DEBUG org.asynchttpclient.netty.handler.HttpHandler - Channel Closed: [id: 0xb4954d21, L:/127.0.0.1:50622 ! R:localhost/127.0.0.1:50616] with attribute DISCARD
18:02:32.443 [AsyncHttpClient-1-2] DEBUG org.asynchttpclient.netty.handler.HttpHandler - 

Request DefaultFullHttpRequest(decodeResult: success, version: HTTP/1.1, content: EmptyByteBufBE)
DELETE /session/5a5f6403b55edb93fbefec01e2fec704 HTTP/1.1
User-Agent: selenium/4.1.2 (java windows)
Content-Type: application/json; charset=utf-8
host: localhost:59780
accept: */*

Response DefaultHttpResponse(decodeResult: success, version: HTTP/1.1)
HTTP/1.1 200 OK
Content-Type: application/json; charset=utf-8
cache-control: no-cache
content-length: 14

18:02:32.443 [AsyncHttpClient-1-2] DEBUG org.asynchttpclient.netty.channel.ChannelManager - Adding key: http://localhost:59780 for channel [id: 0xcaefdcac, L:/127.0.0.1:53203 - R:localhost/127.0.0.1:59780]
18:02:32.491 [AsyncHttpClient-1-2] DEBUG org.asynchttpclient.netty.handler.HttpHandler - Channel Closed: [id: 0xcaefdcac, L:/127.0.0.1:53203 ! R:localhost/127.0.0.1:59780] with attribute DISCARD
]]></system-out>
    <system-err><![CDATA[Starting ChromeDriver 106.0.5249.61 (511755355844955cd3e264779baf0dd38212a4d0-refs/branch-heads/5249@{#569}) on port 59780
Only local connections are allowed.
Please see https://chromedriver.chromium.org/security-considerations for suggestions on keeping ChromeDriver safe.
ChromeDriver was started successfully.
Oct 07, 2022 6:02:07 PM org.openqa.selenium.remote.ProtocolHandshake createSession
INFO: Detected dialect: W3C
Oct 07, 2022 6:02:07 PM org.openqa.selenium.devtools.CdpVersionFinder findNearestMatch
WARNING: Unable to find an exact match for CDP version 106, so returning the closest version found: a no-op implementation
Oct 07, 2022 6:02:07 PM org.openqa.selenium.devtools.CdpVersionFinder findNearestMatch
INFO: Unable to find CDP implementation matching 106.
Oct 07, 2022 6:02:07 PM org.openqa.selenium.chromium.ChromiumDriver lambda$new$3
WARNING: Unable to find version of CDP to use for . You may need to include a dependency on a specific version of the CDP using something similar to `org.seleniumhq.selenium:selenium-devtools-v86:4.1.2` where the version ("v86") matches the version of the chromium-based browser you're using and the version number of the artifact is the same as Selenium's.
]]></system-err>
  </testcase>
  <testcase name="Serch with non available book" classname="Books" time="11.372">
    <system-out><![CDATA[
Scenario: Serch with non available book &amp#27;[90m# src/test/resources/features/Books.feature:11&amp#27;[0m
18:02:33.033 [main] INFO io.cucumber.core.plugin.SerenityReporter - Running feature from file:///C:/Users/User/IdeaProjects/demoqa/src/test/resources/features/Books.feature
18:02:33.037 [main] INFO  - 
  _____   ___   ___   _____     ___   _____     _     ___   _____   ___   ___  
 |_   _| | __| / __| |_   _|   / __| |_   _|   /_\   | _ \ |_   _| | __| |   \ 
   | |   | _|  \__ \   | |     \__ \   | |    / _ \  |   /   | |   | _|  | |) |
   |_|   |___| |___/   |_|     |___/   |_|   /_/ \_\ |_|_\   |_|   |___| |___/ 

Serch with non available book(books;serch-with-non-available-book)
--------------------------------------------------------------------------------
18:02:33.053 [main] INFO net.serenitybdd.core.webdriver.driverproviders.ChromeDriverProvider - Using automatically driver download
18:02:33.185 [main] DEBUG io.github.bonigarcia.wdm.cache.ResolutionCache - Resolution chrome=106 in cache (valid until 18:17:55 07/10/2022 SGT)
18:02:33.190 [main] DEBUG io.github.bonigarcia.wdm.cache.ResolutionCache - Resolution chrome106=106.0.5249.61 in cache (valid until 17:17:55 08/10/2022 SGT)
18:02:33.192 [main] INFO io.github.bonigarcia.wdm.WebDriverManager - Using chromedriver 106.0.5249.61 (resolved driver for Chrome 106)
18:02:33.220 [main] DEBUG io.github.bonigarcia.wdm.WebDriverManager - Driver chromedriver 106.0.5249.61 found in cache
18:02:33.223 [main] INFO io.github.bonigarcia.wdm.WebDriverManager - Exporting webdriver.chrome.driver as C:\Users\User\.cache\selenium\chromedriver\win32\106.0.5249.61\chromedriver.exe
18:02:33.303 [AsyncHttpClient-1-1] DEBUG org.asynchttpclient.netty.channel.DefaultChannelPool - Entry count for : http://localhost:59780 : 1
18:02:33.303 [AsyncHttpClient-1-1] DEBUG org.asynchttpclient.netty.channel.DefaultChannelPool - Entry count for : http://localhost:50616 : 1
18:02:33.303 [AsyncHttpClient-1-1] DEBUG org.asynchttpclient.netty.channel.DefaultChannelPool - Adding Candidate expired Channel [id: 0xcaefdcac, L:/127.0.0.1:53203 ! R:localhost/127.0.0.1:59780] isIdleTimeoutExpired=false isRemotelyClosed=true isTtlExpired=false
18:02:33.303 [AsyncHttpClient-1-1] DEBUG org.asynchttpclient.netty.channel.DefaultChannelPool - Closing Idle Channel [id: 0xcaefdcac, L:/127.0.0.1:53203 ! R:localhost/127.0.0.1:59780]
18:02:33.303 [AsyncHttpClient-1-1] DEBUG org.asynchttpclient.netty.channel.DefaultChannelPool - Adding Candidate expired Channel [id: 0xb4954d21, L:/127.0.0.1:50622 ! R:localhost/127.0.0.1:50616] isIdleTimeoutExpired=false isRemotelyClosed=true isTtlExpired=false
18:02:33.303 [AsyncHttpClient-1-1] DEBUG org.asynchttpclient.netty.channel.DefaultChannelPool - Closing Idle Channel [id: 0xb4954d21, L:/127.0.0.1:50622 ! R:localhost/127.0.0.1:50616]
18:02:33.303 [AsyncHttpClient-1-1] DEBUG org.asynchttpclient.netty.channel.DefaultChannelPool - Closed 2 connections out of 2 in 0 ms
18:02:33.310 [main] DEBUG net.serenitybdd.core.webdriver.driverproviders.ProvideNewDriver - Instantiating driver
18:02:33.310 [main] DEBUG net.serenitybdd.core.webdriver.driverproviders.ProvideNewDriver - Driver capabilities: Capabilities {acceptInsecureCerts: false, base.url: https://demoqa.com/books, browserName: chrome, chrome.driver: src/test/resources/webdrive..., driver: chrome, goog:chromeOptions: {args: [], extensions: []}}
18:02:33.826 [AsyncHttpClient-1-5] DEBUG org.asynchttpclient.netty.channel.NettyConnectListener - Using new Channel '[id: 0xf5c0d6a7, L:/127.0.0.1:49804 - R:localhost/127.0.0.1:63377]' for 'POST' to '/session'
18:02:34.567 [AsyncHttpClient-1-5] DEBUG org.asynchttpclient.netty.handler.HttpHandler - 

Request DefaultHttpRequest(decodeResult: success, version: HTTP/1.1)
POST /session HTTP/1.1
User-Agent: selenium/4.1.2 (java windows)
Content-Length: 610
Content-Type: application/json; charset=utf-8
host: localhost:63377
accept: */*

Response DefaultHttpResponse(decodeResult: success, version: HTTP/1.1)
HTTP/1.1 200 OK
Content-Type: application/json; charset=utf-8
cache-control: no-cache
content-length: 789

18:02:34.568 [AsyncHttpClient-1-5] DEBUG org.asynchttpclient.netty.channel.ChannelManager - Adding key: http://localhost:63377 for channel [id: 0xf5c0d6a7, L:/127.0.0.1:49804 - R:localhost/127.0.0.1:63377]
18:02:34.577 [AsyncHttpClient-1-6] DEBUG org.asynchttpclient.netty.channel.NettyConnectListener - Using new Channel '[id: 0x5d187bd5, L:/127.0.0.1:49811 - R:localhost/127.0.0.1:49805]' for 'GET' to '/json/version'
18:02:34.588 [AsyncHttpClient-1-6] DEBUG org.asynchttpclient.netty.handler.HttpHandler - 

Request DefaultFullHttpRequest(decodeResult: success, version: HTTP/1.1, content: EmptyByteBufBE)
GET /json/version HTTP/1.1
User-Agent: selenium/4.1.2 (java windows)
host: localhost:49805
accept: */*

Response DefaultHttpResponse(decodeResult: success, version: HTTP/1.1)
HTTP/1.1 200 OK
Content-Type: application/json; charset=UTF-8
content-length: 424

18:02:34.588 [AsyncHttpClient-1-6] DEBUG org.asynchttpclient.netty.channel.ChannelManager - Adding key: http://localhost:49805 for channel [id: 0x5d187bd5, L:/127.0.0.1:49811 - R:localhost/127.0.0.1:49805]
18:02:34.595 [AsyncHttpClient-1-7] DEBUG org.asynchttpclient.netty.channel.NettyConnectListener - Using new Channel '[id: 0xa70b03c0, L:/127.0.0.1:49812 - R:localhost/127.0.0.1:49805]' for 'GET' to '/devtools/browser/5624c45a-0b4c-44b9-b1ab-871fe1dff99c'
18:02:34.603 [AsyncHttpClient-1-7] DEBUG org.asynchttpclient.netty.handler.WebSocketHandler - 

Request DefaultFullHttpRequest(decodeResult: success, version: HTTP/1.1, content: EmptyByteBufBE)
GET /devtools/browser/5624c45a-0b4c-44b9-b1ab-871fe1dff99c HTTP/1.1
upgrade: websocket
connection: upgrade
sec-websocket-key: 7P372s7fHLnUJ0PalwzjyQ==
sec-websocket-version: 13
origin: http://localhost:49805
host: localhost:49805
accept: */*
user-agent: AHC/2.1

Response DefaultHttpResponse(decodeResult: success, version: HTTP/1.1)
HTTP/1.1 101 WebSocket Protocol Handshake
Upgrade: WebSocket
Connection: Upgrade
Sec-WebSocket-Accept: 7EkCPcz9G3oLRwsS1e87qAzUoCw=

18:02:34.607 [Forwarding get on session b971c241f35e98132e92fa456e2299f3 to remote] DEBUG org.asynchttpclient.netty.request.NettyRequestSender - Using pooled Channel '[id: 0xf5c0d6a7, L:/127.0.0.1:49804 - R:localhost/127.0.0.1:63377]' for 'POST' to 'http://localhost:63377/session/b971c241f35e98132e92fa456e2299f3/url'
18:02:34.607 [Forwarding get on session b971c241f35e98132e92fa456e2299f3 to remote] DEBUG org.asynchttpclient.netty.request.NettyRequestSender - Using open Channel [id: 0xf5c0d6a7, L:/127.0.0.1:49804 - R:localhost/127.0.0.1:63377] for POST '/session/b971c241f35e98132e92fa456e2299f3/url'
18:02:35.503 [AsyncHttpClient-1-1] DEBUG org.asynchttpclient.netty.channel.DefaultChannelPool - Entry count for : http://localhost:49805 : 1
18:02:36.605 [AsyncHttpClient-1-1] DEBUG org.asynchttpclient.netty.channel.DefaultChannelPool - Entry count for : http://localhost:49805 : 1
18:02:37.705 [AsyncHttpClient-1-1] DEBUG org.asynchttpclient.netty.channel.DefaultChannelPool - Entry count for : http://localhost:49805 : 1
18:02:38.798 [AsyncHttpClient-1-1] DEBUG org.asynchttpclient.netty.channel.DefaultChannelPool - Entry count for : http://localhost:49805 : 1
18:02:39.906 [AsyncHttpClient-1-1] DEBUG org.asynchttpclient.netty.channel.DefaultChannelPool - Entry count for : http://localhost:49805 : 1
18:02:40.724 [AsyncHttpClient-1-5] DEBUG org.asynchttpclient.netty.handler.HttpHandler - 

Request DefaultHttpRequest(decodeResult: success, version: HTTP/1.1)
POST /session/b971c241f35e98132e92fa456e2299f3/url HTTP/1.1
User-Agent: selenium/4.1.2 (java windows)
Content-Length: 60
Content-Type: application/json; charset=utf-8
host: localhost:63377
accept: */*

Response DefaultHttpResponse(decodeResult: success, version: HTTP/1.1)
HTTP/1.1 200 OK
Content-Type: application/json; charset=utf-8
cache-control: no-cache
content-length: 14

18:02:40.724 [AsyncHttpClient-1-5] DEBUG org.asynchttpclient.netty.channel.ChannelManager - Adding key: http://localhost:63377 for channel [id: 0xf5c0d6a7, L:/127.0.0.1:49804 - R:localhost/127.0.0.1:63377]
18:02:40.726 [Forwarding setTimeout on session b971c241f35e98132e92fa456e2299f3 to remote] DEBUG org.asynchttpclient.netty.request.NettyRequestSender - Using pooled Channel '[id: 0xf5c0d6a7, L:/127.0.0.1:49804 - R:localhost/127.0.0.1:63377]' for 'POST' to 'http://localhost:63377/session/b971c241f35e98132e92fa456e2299f3/timeouts'
18:02:40.726 [Forwarding setTimeout on session b971c241f35e98132e92fa456e2299f3 to remote] DEBUG org.asynchttpclient.netty.request.NettyRequestSender - Using open Channel [id: 0xf5c0d6a7, L:/127.0.0.1:49804 - R:localhost/127.0.0.1:63377] for POST '/session/b971c241f35e98132e92fa456e2299f3/timeouts'
18:02:40.727 [AsyncHttpClient-1-5] DEBUG org.asynchttpclient.netty.handler.HttpHandler - 

Request DefaultHttpRequest(decodeResult: success, version: HTTP/1.1)
POST /session/b971c241f35e98132e92fa456e2299f3/timeouts HTTP/1.1
User-Agent: selenium/4.1.2 (java windows)
Content-Length: 22
Content-Type: application/json; charset=utf-8
host: localhost:63377
accept: */*

Response DefaultHttpResponse(decodeResult: success, version: HTTP/1.1)
HTTP/1.1 200 OK
Content-Type: application/json; charset=utf-8
cache-control: no-cache
content-length: 14

18:02:40.727 [AsyncHttpClient-1-5] DEBUG org.asynchttpclient.netty.channel.ChannelManager - Adding key: http://localhost:63377 for channel [id: 0xf5c0d6a7, L:/127.0.0.1:49804 - R:localhost/127.0.0.1:63377]
18:02:40.732 [Forwarding getCurrentUrl on session b971c241f35e98132e92fa456e2299f3 to remote] DEBUG org.asynchttpclient.netty.request.NettyRequestSender - Using pooled Channel '[id: 0xf5c0d6a7, L:/127.0.0.1:49804 - R:localhost/127.0.0.1:63377]' for 'GET' to 'http://localhost:63377/session/b971c241f35e98132e92fa456e2299f3/url'
18:02:40.733 [Forwarding getCurrentUrl on session b971c241f35e98132e92fa456e2299f3 to remote] DEBUG org.asynchttpclient.netty.request.NettyRequestSender - Using open Channel [id: 0xf5c0d6a7, L:/127.0.0.1:49804 - R:localhost/127.0.0.1:63377] for GET '/session/b971c241f35e98132e92fa456e2299f3/url'
18:02:40.738 [AsyncHttpClient-1-5] DEBUG org.asynchttpclient.netty.handler.HttpHandler - 

Request DefaultFullHttpRequest(decodeResult: success, version: HTTP/1.1, content: EmptyByteBufBE)
GET /session/b971c241f35e98132e92fa456e2299f3/url HTTP/1.1
User-Agent: selenium/4.1.2 (java windows)
Cache-Control: no-cache
Content-Type: application/json; charset=utf-8
host: localhost:63377
accept: */*

Response DefaultHttpResponse(decodeResult: success, version: HTTP/1.1)
HTTP/1.1 200 OK
Content-Type: application/json; charset=utf-8
cache-control: no-cache
content-length: 37

18:02:40.738 [AsyncHttpClient-1-5] DEBUG org.asynchttpclient.netty.channel.ChannelManager - Adding key: http://localhost:63377 for channel [id: 0xf5c0d6a7, L:/127.0.0.1:49804 - R:localhost/127.0.0.1:63377]
  &amp#27;[32mGiven &amp#27;[0m&amp#27;[32mI on book store page&amp#27;[0m            &amp#27;[90m# starter.stepdefinitions.BooksSteps.iOnBookStorePage()&amp#27;[0m
18:02:40.744 [Forwarding screenshot on session b971c241f35e98132e92fa456e2299f3 to remote] DEBUG org.asynchttpclient.netty.request.NettyRequestSender - Using pooled Channel '[id: 0xf5c0d6a7, L:/127.0.0.1:49804 - R:localhost/127.0.0.1:63377]' for 'GET' to 'http://localhost:63377/session/b971c241f35e98132e92fa456e2299f3/screenshot'
18:02:40.744 [Forwarding screenshot on session b971c241f35e98132e92fa456e2299f3 to remote] DEBUG org.asynchttpclient.netty.request.NettyRequestSender - Using open Channel [id: 0xf5c0d6a7, L:/127.0.0.1:49804 - R:localhost/127.0.0.1:63377] for GET '/session/b971c241f35e98132e92fa456e2299f3/screenshot'
18:02:40.886 [AsyncHttpClient-1-5] DEBUG org.asynchttpclient.netty.handler.HttpHandler - 

Request DefaultFullHttpRequest(decodeResult: success, version: HTTP/1.1, content: EmptyByteBufBE)
GET /session/b971c241f35e98132e92fa456e2299f3/screenshot HTTP/1.1
User-Agent: selenium/4.1.2 (java windows)
Cache-Control: no-cache
Content-Type: application/json; charset=utf-8
host: localhost:63377
accept: */*

Response DefaultHttpResponse(decodeResult: success, version: HTTP/1.1)
HTTP/1.1 200 OK
Content-Type: application/json; charset=utf-8
cache-control: no-cache
content-length: 380924

18:02:40.888 [AsyncHttpClient-1-5] DEBUG org.asynchttpclient.netty.channel.ChannelManager - Adding key: http://localhost:63377 for channel [id: 0xf5c0d6a7, L:/127.0.0.1:49804 - R:localhost/127.0.0.1:63377]
18:02:40.901 [main] DEBUG net.serenitybdd.core.photography.Darkroom - Send negative for processing for target\site\serenity\9733d8f781022b92131e4fb1ed6b40bd6193b8e83b10fe3fd6daee145fed2d4a.png
18:02:40.902 [Darkroom Processing Line] DEBUG net.serenitybdd.core.photography.DarkroomProcessingLine - Processing screenshot image in /var/screenshots/screenshot-14648086973134765608
18:02:40.902 [Darkroom Processing Line] DEBUG net.serenitybdd.core.photography.DarkroomProcessingLine - Saving screenshot to target\site\serenity\9733d8f781022b92131e4fb1ed6b40bd6193b8e83b10fe3fd6daee145fed2d4a.png
18:02:40.912 [Forwarding findElement on session b971c241f35e98132e92fa456e2299f3 to remote] DEBUG org.asynchttpclient.netty.request.NettyRequestSender - Using pooled Channel '[id: 0xf5c0d6a7, L:/127.0.0.1:49804 - R:localhost/127.0.0.1:63377]' for 'POST' to 'http://localhost:63377/session/b971c241f35e98132e92fa456e2299f3/element'
18:02:40.912 [Forwarding findElement on session b971c241f35e98132e92fa456e2299f3 to remote] DEBUG org.asynchttpclient.netty.request.NettyRequestSender - Using open Channel [id: 0xf5c0d6a7, L:/127.0.0.1:49804 - R:localhost/127.0.0.1:63377] for POST '/session/b971c241f35e98132e92fa456e2299f3/element'
18:02:41.003 [AsyncHttpClient-1-1] DEBUG org.asynchttpclient.netty.channel.DefaultChannelPool - Entry count for : http://localhost:49805 : 1
18:02:41.053 [AsyncHttpClient-1-5] DEBUG org.asynchttpclient.netty.handler.HttpHandler - 

Request DefaultHttpRequest(decodeResult: success, version: HTTP/1.1)
POST /session/b971c241f35e98132e92fa456e2299f3/element HTTP/1.1
User-Agent: selenium/4.1.2 (java windows)
Content-Length: 54
Content-Type: application/json; charset=utf-8
host: localhost:63377
accept: */*

Response DefaultHttpResponse(decodeResult: success, version: HTTP/1.1)
HTTP/1.1 200 OK
Content-Type: application/json; charset=utf-8
cache-control: no-cache
content-length: 88

18:02:41.053 [AsyncHttpClient-1-5] DEBUG org.asynchttpclient.netty.channel.ChannelManager - Adding key: http://localhost:63377 for channel [id: 0xf5c0d6a7, L:/127.0.0.1:49804 - R:localhost/127.0.0.1:63377]
18:02:41.054 [Forwarding clearElement on session b971c241f35e98132e92fa456e2299f3 to remote] DEBUG org.asynchttpclient.netty.request.NettyRequestSender - Using pooled Channel '[id: 0xf5c0d6a7, L:/127.0.0.1:49804 - R:localhost/127.0.0.1:63377]' for 'POST' to 'http://localhost:63377/session/b971c241f35e98132e92fa456e2299f3/element/f34fddc6-182a-44ed-a45b-ca7fc30b1b56/clear'
18:02:41.054 [Forwarding clearElement on session b971c241f35e98132e92fa456e2299f3 to remote] DEBUG org.asynchttpclient.netty.request.NettyRequestSender - Using open Channel [id: 0xf5c0d6a7, L:/127.0.0.1:49804 - R:localhost/127.0.0.1:63377] for POST '/session/b971c241f35e98132e92fa456e2299f3/element/f34fddc6-182a-44ed-a45b-ca7fc30b1b56/clear'
18:02:41.086 [AsyncHttpClient-1-5] DEBUG org.asynchttpclient.netty.handler.HttpHandler - 

Request DefaultHttpRequest(decodeResult: success, version: HTTP/1.1)
POST /session/b971c241f35e98132e92fa456e2299f3/element/f34fddc6-182a-44ed-a45b-ca7fc30b1b56/clear HTTP/1.1
User-Agent: selenium/4.1.2 (java windows)
Content-Length: 50
Content-Type: application/json; charset=utf-8
host: localhost:63377
accept: */*

Response DefaultHttpResponse(decodeResult: success, version: HTTP/1.1)
HTTP/1.1 200 OK
Content-Type: application/json; charset=utf-8
cache-control: no-cache
content-length: 14

18:02:41.086 [AsyncHttpClient-1-5] DEBUG org.asynchttpclient.netty.channel.ChannelManager - Adding key: http://localhost:63377 for channel [id: 0xf5c0d6a7, L:/127.0.0.1:49804 - R:localhost/127.0.0.1:63377]
18:02:41.089 [Forwarding sendKeysToElement on session b971c241f35e98132e92fa456e2299f3 to remote] DEBUG org.asynchttpclient.netty.request.NettyRequestSender - Using pooled Channel '[id: 0xf5c0d6a7, L:/127.0.0.1:49804 - R:localhost/127.0.0.1:63377]' for 'POST' to 'http://localhost:63377/session/b971c241f35e98132e92fa456e2299f3/element/f34fddc6-182a-44ed-a45b-ca7fc30b1b56/value'
18:02:41.089 [Forwarding sendKeysToElement on session b971c241f35e98132e92fa456e2299f3 to remote] DEBUG org.asynchttpclient.netty.request.NettyRequestSender - Using open Channel [id: 0xf5c0d6a7, L:/127.0.0.1:49804 - R:localhost/127.0.0.1:63377] for POST '/session/b971c241f35e98132e92fa456e2299f3/element/f34fddc6-182a-44ed-a45b-ca7fc30b1b56/value'
18:02:41.225 [AsyncHttpClient-1-5] DEBUG org.asynchttpclient.netty.handler.HttpHandler - 

Request DefaultHttpRequest(decodeResult: success, version: HTTP/1.1)
POST /session/b971c241f35e98132e92fa456e2299f3/element/f34fddc6-182a-44ed-a45b-ca7fc30b1b56/value HTTP/1.1
User-Agent: selenium/4.1.2 (java windows)
Content-Length: 211
Content-Type: application/json; charset=utf-8
host: localhost:63377
accept: */*

Response DefaultHttpResponse(decodeResult: success, version: HTTP/1.1)
HTTP/1.1 200 OK
Content-Type: application/json; charset=utf-8
cache-control: no-cache
content-length: 14

18:02:41.225 [AsyncHttpClient-1-5] DEBUG org.asynchttpclient.netty.channel.ChannelManager - Adding key: http://localhost:63377 for channel [id: 0xf5c0d6a7, L:/127.0.0.1:49804 - R:localhost/127.0.0.1:63377]
  &amp#27;[32mWhen &amp#27;[0m&amp#27;[32mI input non available book name&amp#27;[0m  &amp#27;[90m# starter.stepdefinitions.BooksSteps.iInputNonAvailableBookName()&amp#27;[0m
18:02:41.233 [Forwarding screenshot on session b971c241f35e98132e92fa456e2299f3 to remote] DEBUG org.asynchttpclient.netty.request.NettyRequestSender - Using pooled Channel '[id: 0xf5c0d6a7, L:/127.0.0.1:49804 - R:localhost/127.0.0.1:63377]' for 'GET' to 'http://localhost:63377/session/b971c241f35e98132e92fa456e2299f3/screenshot'
18:02:41.233 [Forwarding screenshot on session b971c241f35e98132e92fa456e2299f3 to remote] DEBUG org.asynchttpclient.netty.request.NettyRequestSender - Using open Channel [id: 0xf5c0d6a7, L:/127.0.0.1:49804 - R:localhost/127.0.0.1:63377] for GET '/session/b971c241f35e98132e92fa456e2299f3/screenshot'
18:02:41.499 [AsyncHttpClient-1-5] DEBUG org.asynchttpclient.netty.handler.HttpHandler - 

Request DefaultFullHttpRequest(decodeResult: success, version: HTTP/1.1, content: EmptyByteBufBE)
GET /session/b971c241f35e98132e92fa456e2299f3/screenshot HTTP/1.1
User-Agent: selenium/4.1.2 (java windows)
Cache-Control: no-cache
Content-Type: application/json; charset=utf-8
host: localhost:63377
accept: */*

Response DefaultHttpResponse(decodeResult: success, version: HTTP/1.1)
HTTP/1.1 200 OK
Content-Type: application/json; charset=utf-8
cache-control: no-cache
content-length: 313196

18:02:41.502 [AsyncHttpClient-1-5] DEBUG org.asynchttpclient.netty.channel.ChannelManager - Adding key: http://localhost:63377 for channel [id: 0xf5c0d6a7, L:/127.0.0.1:49804 - R:localhost/127.0.0.1:63377]
18:02:41.522 [main] DEBUG net.serenitybdd.core.photography.Darkroom - Send negative for processing for target\site\serenity\43190ba24da4ebfd2bf8e030d4cd5e341dabcc5eeb1ef6449a5a91b3072616f1.png
18:02:41.524 [Darkroom Processing Line] DEBUG net.serenitybdd.core.photography.DarkroomProcessingLine - Processing screenshot image in /var/screenshots/screenshot-9179673969908887669
18:02:41.524 [Darkroom Processing Line] DEBUG net.serenitybdd.core.photography.DarkroomProcessingLine - Saving screenshot to target\site\serenity\43190ba24da4ebfd2bf8e030d4cd5e341dabcc5eeb1ef6449a5a91b3072616f1.png
18:02:41.538 [Forwarding findElement on session b971c241f35e98132e92fa456e2299f3 to remote] DEBUG org.asynchttpclient.netty.request.NettyRequestSender - Using pooled Channel '[id: 0xf5c0d6a7, L:/127.0.0.1:49804 - R:localhost/127.0.0.1:63377]' for 'POST' to 'http://localhost:63377/session/b971c241f35e98132e92fa456e2299f3/element'
18:02:41.539 [Forwarding findElement on session b971c241f35e98132e92fa456e2299f3 to remote] DEBUG org.asynchttpclient.netty.request.NettyRequestSender - Using open Channel [id: 0xf5c0d6a7, L:/127.0.0.1:49804 - R:localhost/127.0.0.1:63377] for POST '/session/b971c241f35e98132e92fa456e2299f3/element'
18:02:41.548 [AsyncHttpClient-1-5] DEBUG org.asynchttpclient.netty.handler.HttpHandler - 

Request DefaultHttpRequest(decodeResult: success, version: HTTP/1.1)
POST /session/b971c241f35e98132e92fa456e2299f3/element HTTP/1.1
User-Agent: selenium/4.1.2 (java windows)
Content-Length: 41
Content-Type: application/json; charset=utf-8
host: localhost:63377
accept: */*

Response DefaultHttpResponse(decodeResult: success, version: HTTP/1.1)
HTTP/1.1 400 Bad Request
Content-Type: application/json; charset=utf-8
cache-control: no-cache
content-length: 958

18:02:41.548 [AsyncHttpClient-1-5] DEBUG org.asynchttpclient.netty.channel.ChannelManager - Adding key: http://localhost:63377 for channel [id: 0xf5c0d6a7, L:/127.0.0.1:49804 - R:localhost/127.0.0.1:63377]
18:02:41.550 [Forwarding findElement on session b971c241f35e98132e92fa456e2299f3 to remote] DEBUG org.asynchttpclient.netty.request.NettyRequestSender - Using pooled Channel '[id: 0xf5c0d6a7, L:/127.0.0.1:49804 - R:localhost/127.0.0.1:63377]' for 'POST' to 'http://localhost:63377/session/b971c241f35e98132e92fa456e2299f3/element'
18:02:41.552 [Forwarding findElement on session b971c241f35e98132e92fa456e2299f3 to remote] DEBUG org.asynchttpclient.netty.request.NettyRequestSender - Using open Channel [id: 0xf5c0d6a7, L:/127.0.0.1:49804 - R:localhost/127.0.0.1:63377] for POST '/session/b971c241f35e98132e92fa456e2299f3/element'
18:02:42.098 [AsyncHttpClient-1-1] DEBUG org.asynchttpclient.netty.channel.DefaultChannelPool - Entry count for : http://localhost:49805 : 1
18:02:43.199 [AsyncHttpClient-1-1] DEBUG org.asynchttpclient.netty.channel.DefaultChannelPool - Entry count for : http://localhost:49805 : 1
18:02:43.575 [AsyncHttpClient-1-5] DEBUG org.asynchttpclient.netty.handler.HttpHandler - 

Request DefaultHttpRequest(decodeResult: success, version: HTTP/1.1)
POST /session/b971c241f35e98132e92fa456e2299f3/element HTTP/1.1
User-Agent: selenium/4.1.2 (java windows)
Content-Length: 51
Content-Type: application/json; charset=utf-8
host: localhost:63377
accept: */*

Response DefaultHttpResponse(decodeResult: success, version: HTTP/1.1)
HTTP/1.1 404 Not Found
Content-Type: application/json; charset=utf-8
cache-control: no-cache
content-length: 1021

18:02:43.575 [AsyncHttpClient-1-5] DEBUG org.asynchttpclient.netty.channel.ChannelManager - Adding key: http://localhost:63377 for channel [id: 0xf5c0d6a7, L:/127.0.0.1:49804 - R:localhost/127.0.0.1:63377]
  &amp#27;[32mThen &amp#27;[0m&amp#27;[32mI will get nothing&amp#27;[0m               &amp#27;[90m# starter.stepdefinitions.BooksSteps.iWillGetNothing()&amp#27;[0m
18:02:43.586 [Forwarding screenshot on session b971c241f35e98132e92fa456e2299f3 to remote] DEBUG org.asynchttpclient.netty.request.NettyRequestSender - Using pooled Channel '[id: 0xf5c0d6a7, L:/127.0.0.1:49804 - R:localhost/127.0.0.1:63377]' for 'GET' to 'http://localhost:63377/session/b971c241f35e98132e92fa456e2299f3/screenshot'
18:02:43.586 [Forwarding screenshot on session b971c241f35e98132e92fa456e2299f3 to remote] DEBUG org.asynchttpclient.netty.request.NettyRequestSender - Using open Channel [id: 0xf5c0d6a7, L:/127.0.0.1:49804 - R:localhost/127.0.0.1:63377] for GET '/session/b971c241f35e98132e92fa456e2299f3/screenshot'
18:02:43.718 [AsyncHttpClient-1-5] DEBUG org.asynchttpclient.netty.handler.HttpHandler - 

Request DefaultFullHttpRequest(decodeResult: success, version: HTTP/1.1, content: EmptyByteBufBE)
GET /session/b971c241f35e98132e92fa456e2299f3/screenshot HTTP/1.1
User-Agent: selenium/4.1.2 (java windows)
Cache-Control: no-cache
Content-Type: application/json; charset=utf-8
host: localhost:63377
accept: */*

Response DefaultHttpResponse(decodeResult: success, version: HTTP/1.1)
HTTP/1.1 200 OK
Content-Type: application/json; charset=utf-8
cache-control: no-cache
content-length: 331668

18:02:43.720 [AsyncHttpClient-1-5] DEBUG org.asynchttpclient.netty.channel.ChannelManager - Adding key: http://localhost:63377 for channel [id: 0xf5c0d6a7, L:/127.0.0.1:49804 - R:localhost/127.0.0.1:63377]
18:02:43.728 [main] DEBUG net.serenitybdd.core.photography.Darkroom - Send negative for processing for target\site\serenity\f0f8320bb5cb02ba6fe82cafceb6af48666223180165df35f7b583b1ac158830.png
18:02:43.729 [Darkroom Processing Line] DEBUG net.serenitybdd.core.photography.DarkroomProcessingLine - Processing screenshot image in /var/screenshots/screenshot-4964176670499086582
18:02:43.729 [Darkroom Processing Line] DEBUG net.serenitybdd.core.photography.DarkroomProcessingLine - Saving screenshot to target\site\serenity\f0f8320bb5cb02ba6fe82cafceb6af48666223180165df35f7b583b1ac158830.png
18:02:43.730 [main] INFO  - 
  _____   ___   ___   _____     ___     _     ___   ___   ___   ___  
 |_   _| | __| / __| |_   _|   | _ \   /_\   / __| / __| | __| |   \ 
   | |   | _|  \__ \   | |     |  _/  / _ \  \__ \ \__ \ | _|  | |) |
   |_|   |___| |___/   |_|     |_|   /_/ \_\ |___/ |___/ |___| |___/ 

Serch with non available book
----------------------------------------------------------------------
18:02:43.732 [AsyncHttpClient-1-7] DEBUG org.asynchttpclient.netty.handler.WebSocketHandler - Channel Closed: [id: 0xa70b03c0, L:/127.0.0.1:49812 ! R:localhost/127.0.0.1:49805] with attribute NettyResponseFuture{currentRetry=5,
	isDone=1,
	isCancelled=0,
	asyncHandler=org.asynchttpclient.ws.WebSocketUpgradeHandler@7709673d,
	nettyRequest=org.asynchttpclient.netty.request.NettyRequest@320be7b8,
	future=java.util.concurrent.CompletableFuture@47ed16d0[Completed normally],
	uri=ws://localhost:49805/devtools/browser/5624c45a-0b4c-44b9-b1ab-871fe1dff99c,
	keepAlive=true,
	redirectCount=0,
	timeoutsHolder=null,
	inAuth=0,
	touch=1665136954603}
18:02:43.732 [AsyncHttpClient-1-7] DEBUG org.asynchttpclient.netty.channel.ChannelManager - Closing Channel [id: 0xa70b03c0, L:/127.0.0.1:49812 ! R:localhost/127.0.0.1:49805] 
18:02:43.733 [Driver Command Executor] DEBUG org.asynchttpclient.netty.request.NettyRequestSender - Using pooled Channel '[id: 0xf5c0d6a7, L:/127.0.0.1:49804 - R:localhost/127.0.0.1:63377]' for 'DELETE' to 'http://localhost:63377/session/b971c241f35e98132e92fa456e2299f3'
18:02:43.733 [Driver Command Executor] DEBUG org.asynchttpclient.netty.request.NettyRequestSender - Using open Channel [id: 0xf5c0d6a7, L:/127.0.0.1:49804 - R:localhost/127.0.0.1:63377] for DELETE '/session/b971c241f35e98132e92fa456e2299f3'
18:02:43.791 [AsyncHttpClient-1-6] DEBUG org.asynchttpclient.netty.handler.HttpHandler - Unexpected I/O exception on channel [id: 0x5d187bd5, L:/127.0.0.1:49811 - R:localhost/127.0.0.1:49805]
java.net.SocketException: Connection reset
	at java.base/sun.nio.ch.SocketChannelImpl.throwConnectionReset(SocketChannelImpl.java:367)
	at java.base/sun.nio.ch.SocketChannelImpl.read(SocketChannelImpl.java:398)
	at io.netty.buffer.PooledByteBuf.setBytes(PooledByteBuf.java:258)
	at io.netty.buffer.AbstractByteBuf.writeBytes(AbstractByteBuf.java:1132)
	at io.netty.channel.socket.nio.NioSocketChannel.doReadBytes(NioSocketChannel.java:350)
	at io.netty.channel.nio.AbstractNioByteChannel$NioByteUnsafe.read(AbstractNioByteChannel.java:151)
	at io.netty.channel.nio.NioEventLoop.processSelectedKey(NioEventLoop.java:722)
	at io.netty.channel.nio.NioEventLoop.processSelectedKeysOptimized(NioEventLoop.java:658)
	at io.netty.channel.nio.NioEventLoop.processSelectedKeys(NioEventLoop.java:584)
	at io.netty.channel.nio.NioEventLoop.run(NioEventLoop.java:496)
	at io.netty.util.concurrent.SingleThreadEventExecutor$4.run(SingleThreadEventExecutor.java:986)
	at io.netty.util.internal.ThreadExecutorMap$2.run(ThreadExecutorMap.java:74)
	at io.netty.util.concurrent.FastThreadLocalRunnable.run(FastThreadLocalRunnable.java:30)
	at java.base/java.lang.Thread.run(Thread.java:832)
18:02:43.791 [AsyncHttpClient-1-6] DEBUG org.asynchttpclient.netty.channel.ChannelManager - Closing Channel [id: 0x5d187bd5, L:/127.0.0.1:49811 - R:localhost/127.0.0.1:49805] 
18:02:43.791 [AsyncHttpClient-1-6] DEBUG org.asynchttpclient.netty.handler.HttpHandler - Channel Closed: [id: 0x5d187bd5, L:/127.0.0.1:49811 ! R:localhost/127.0.0.1:49805] with attribute DISCARD
18:02:43.809 [AsyncHttpClient-1-5] DEBUG org.asynchttpclient.netty.handler.HttpHandler - 

Request DefaultFullHttpRequest(decodeResult: success, version: HTTP/1.1, content: EmptyByteBufBE)
DELETE /session/b971c241f35e98132e92fa456e2299f3 HTTP/1.1
User-Agent: selenium/4.1.2 (java windows)
Content-Type: application/json; charset=utf-8
host: localhost:63377
accept: */*

Response DefaultHttpResponse(decodeResult: success, version: HTTP/1.1)
HTTP/1.1 200 OK
Content-Type: application/json; charset=utf-8
cache-control: no-cache
content-length: 14

18:02:43.809 [AsyncHttpClient-1-5] DEBUG org.asynchttpclient.netty.channel.ChannelManager - Adding key: http://localhost:63377 for channel [id: 0xf5c0d6a7, L:/127.0.0.1:49804 - R:localhost/127.0.0.1:63377]
18:02:43.859 [AsyncHttpClient-1-5] DEBUG org.asynchttpclient.netty.handler.HttpHandler - Channel Closed: [id: 0xf5c0d6a7, L:/127.0.0.1:49804 ! R:localhost/127.0.0.1:63377] with attribute DISCARD
18:02:44.304 [AsyncHttpClient-1-1] DEBUG org.asynchttpclient.netty.channel.DefaultChannelPool - Entry count for : http://localhost:63377 : 1
18:02:44.304 [AsyncHttpClient-1-1] DEBUG org.asynchttpclient.netty.channel.DefaultChannelPool - Entry count for : http://localhost:49805 : 1
18:02:44.304 [AsyncHttpClient-1-1] DEBUG org.asynchttpclient.netty.channel.DefaultChannelPool - Adding Candidate expired Channel [id: 0xf5c0d6a7, L:/127.0.0.1:49804 ! R:localhost/127.0.0.1:63377] isIdleTimeoutExpired=false isRemotelyClosed=true isTtlExpired=false
18:02:44.304 [AsyncHttpClient-1-1] DEBUG org.asynchttpclient.netty.channel.DefaultChannelPool - Closing Idle Channel [id: 0xf5c0d6a7, L:/127.0.0.1:49804 ! R:localhost/127.0.0.1:63377]
18:02:44.304 [AsyncHttpClient-1-1] DEBUG org.asynchttpclient.netty.channel.DefaultChannelPool - Adding Candidate expired Channel [id: 0x5d187bd5, L:/127.0.0.1:49811 ! R:localhost/127.0.0.1:49805] isIdleTimeoutExpired=false isRemotelyClosed=true isTtlExpired=false
18:02:44.304 [AsyncHttpClient-1-1] DEBUG org.asynchttpclient.netty.channel.DefaultChannelPool - Closing Idle Channel [id: 0x5d187bd5, L:/127.0.0.1:49811 ! R:localhost/127.0.0.1:49805]
18:02:44.304 [AsyncHttpClient-1-1] DEBUG org.asynchttpclient.netty.channel.DefaultChannelPool - Closed 2 connections out of 2 in 0 ms
]]></system-out>
    <system-err><![CDATA[Starting ChromeDriver 106.0.5249.61 (511755355844955cd3e264779baf0dd38212a4d0-refs/branch-heads/5249@{#569}) on port 63377
Only local connections are allowed.
[...]
Content-Length: 68
Content-Type: application/json; charset=utf-8
host: localhost:56803
accept: */*

Response DefaultHttpResponse(decodeResult: success, version: HTTP/1.1)
HTTP/1.1 200 OK
Content-Type: application/json; charset=utf-8
cache-control: no-cache
content-length: 88

18:09:53.278 [AsyncHttpClient-1-2] DEBUG org.asynchttpclient.netty.channel.ChannelManager - Adding key: http://localhost:56803 for channel [id: 0x6015b60a, L:/127.0.0.1:63534 - R:localhost/127.0.0.1:56803]
18:09:53.279 [Forwarding clickElement on session c7d6762c306cf1f5f648f13ff2701a17 to remote] DEBUG org.asynchttpclient.netty.request.NettyRequestSender - Using pooled Channel '[id: 0x6015b60a, L:/127.0.0.1:63534 - R:localhost/127.0.0.1:56803]' for 'POST' to 'http://localhost:56803/session/c7d6762c306cf1f5f648f13ff2701a17/element/2d4b5434-7f7b-4c27-a3c5-939a04222342/click'
18:09:53.279 [Forwarding clickElement on session c7d6762c306cf1f5f648f13ff2701a17 to remote] DEBUG org.asynchttpclient.netty.request.NettyRequestSender - Using open Channel [id: 0x6015b60a, L:/127.0.0.1:63534 - R:localhost/127.0.0.1:56803] for POST '/session/c7d6762c306cf1f5f648f13ff2701a17/element/2d4b5434-7f7b-4c27-a3c5-939a04222342/click'
18:09:53.309 [AsyncHttpClient-1-1] DEBUG org.asynchttpclient.netty.channel.DefaultChannelPool - Entry count for : http://localhost:63535 : 1
18:09:53.323 [AsyncHttpClient-1-2] DEBUG org.asynchttpclient.netty.handler.HttpHandler - 

Request DefaultHttpRequest(decodeResult: success, version: HTTP/1.1)
POST /session/c7d6762c306cf1f5f648f13ff2701a17/element/2d4b5434-7f7b-4c27-a3c5-939a04222342/click HTTP/1.1
User-Agent: selenium/4.1.2 (java windows)
Content-Length: 50
Content-Type: application/json; charset=utf-8
host: localhost:56803
accept: */*

Response DefaultHttpResponse(decodeResult: success, version: HTTP/1.1)
HTTP/1.1 200 OK
Content-Type: application/json; charset=utf-8
cache-control: no-cache
content-length: 14

18:09:53.323 [AsyncHttpClient-1-2] DEBUG org.asynchttpclient.netty.channel.ChannelManager - Adding key: http://localhost:56803 for channel [id: 0x6015b60a, L:/127.0.0.1:63534 - R:localhost/127.0.0.1:56803]
  &amp#27;[32mWhen &amp#27;[0m&amp#27;[32mI click login button&amp#27;[0m                     &amp#27;[90m# starter.stepdefinitions.LoginSteps.iClickLoginButton()&amp#27;[0m
18:09:53.329 [Forwarding screenshot on session c7d6762c306cf1f5f648f13ff2701a17 to remote] DEBUG org.asynchttpclient.netty.request.NettyRequestSender - Using pooled Channel '[id: 0x6015b60a, L:/127.0.0.1:63534 - R:localhost/127.0.0.1:56803]' for 'GET' to 'http://localhost:56803/session/c7d6762c306cf1f5f648f13ff2701a17/screenshot'
18:09:53.329 [Forwarding screenshot on session c7d6762c306cf1f5f648f13ff2701a17 to remote] DEBUG org.asynchttpclient.netty.request.NettyRequestSender - Using open Channel [id: 0x6015b60a, L:/127.0.0.1:63534 - R:localhost/127.0.0.1:56803] for GET '/session/c7d6762c306cf1f5f648f13ff2701a17/screenshot'
18:09:53.489 [AsyncHttpClient-1-2] DEBUG org.asynchttpclient.netty.handler.HttpHandler - 

Request DefaultFullHttpRequest(decodeResult: success, version: HTTP/1.1, content: EmptyByteBufBE)
GET /session/c7d6762c306cf1f5f648f13ff2701a17/screenshot HTTP/1.1
User-Agent: selenium/4.1.2 (java windows)
Cache-Control: no-cache
Content-Type: application/json; charset=utf-8
host: localhost:56803
accept: */*

Response DefaultHttpResponse(decodeResult: success, version: HTTP/1.1)
HTTP/1.1 200 OK
Content-Type: application/json; charset=utf-8
cache-control: no-cache
content-length: 178912

18:09:53.490 [AsyncHttpClient-1-2] DEBUG org.asynchttpclient.netty.channel.ChannelManager - Adding key: http://localhost:56803 for channel [id: 0x6015b60a, L:/127.0.0.1:63534 - R:localhost/127.0.0.1:56803]
18:09:53.497 [main] DEBUG net.serenitybdd.core.photography.Darkroom - Send negative for processing for target\site\serenity\ccab7721a07e5b17b9e860cef67b28d5a42d152a870a1700c753a3ea89d66145.png
18:09:53.497 [Darkroom Processing Line] DEBUG net.serenitybdd.core.photography.DarkroomProcessingLine - Processing screenshot image in /var/screenshots/screenshot-5077973879793173890
18:09:53.497 [Darkroom Processing Line] DEBUG net.serenitybdd.core.photography.DarkroomProcessingLine - Saving screenshot to target\site\serenity\ccab7721a07e5b17b9e860cef67b28d5a42d152a870a1700c753a3ea89d66145.png
18:09:53.503 [Forwarding findElement on session c7d6762c306cf1f5f648f13ff2701a17 to remote] DEBUG org.asynchttpclient.netty.request.NettyRequestSender - Using pooled Channel '[id: 0x6015b60a, L:/127.0.0.1:63534 - R:localhost/127.0.0.1:56803]' for 'POST' to 'http://localhost:56803/session/c7d6762c306cf1f5f648f13ff2701a17/element'
18:09:53.503 [Forwarding findElement on session c7d6762c306cf1f5f648f13ff2701a17 to remote] DEBUG org.asynchttpclient.netty.request.NettyRequestSender - Using open Channel [id: 0x6015b60a, L:/127.0.0.1:63534 - R:localhost/127.0.0.1:56803] for POST '/session/c7d6762c306cf1f5f648f13ff2701a17/element'
18:09:53.515 [AsyncHttpClient-1-2] DEBUG org.asynchttpclient.netty.handler.HttpHandler - 

Request DefaultHttpRequest(decodeResult: success, version: HTTP/1.1)
POST /session/c7d6762c306cf1f5f648f13ff2701a17/element HTTP/1.1
User-Agent: selenium/4.1.2 (java windows)
Content-Length: 80
Content-Type: application/json; charset=utf-8
host: localhost:56803
accept: */*

Response DefaultHttpResponse(decodeResult: success, version: HTTP/1.1)
HTTP/1.1 400 Bad Request
Content-Type: application/json; charset=utf-8
cache-control: no-cache
content-length: 1296

18:09:53.516 [AsyncHttpClient-1-2] DEBUG org.asynchttpclient.netty.channel.ChannelManager - Adding key: http://localhost:56803 for channel [id: 0x6015b60a, L:/127.0.0.1:63534 - R:localhost/127.0.0.1:56803]
18:09:53.524 [Forwarding getPageSource on session c7d6762c306cf1f5f648f13ff2701a17 to remote] DEBUG org.asynchttpclient.netty.request.NettyRequestSender - Using pooled Channel '[id: 0x6015b60a, L:/127.0.0.1:63534 - R:localhost/127.0.0.1:56803]' for 'POST' to 'http://localhost:56803/session/c7d6762c306cf1f5f648f13ff2701a17/execute/sync'
18:09:53.524 [Forwarding getPageSource on session c7d6762c306cf1f5f648f13ff2701a17 to remote] DEBUG org.asynchttpclient.netty.request.NettyRequestSender - Using open Channel [id: 0x6015b60a, L:/127.0.0.1:63534 - R:localhost/127.0.0.1:56803] for POST '/session/c7d6762c306cf1f5f648f13ff2701a17/execute/sync'
18:09:53.530 [AsyncHttpClient-1-2] DEBUG org.asynchttpclient.netty.handler.HttpHandler - 

Request DefaultHttpRequest(decodeResult: success, version: HTTP/1.1)
POST /session/c7d6762c306cf1f5f648f13ff2701a17/execute/sync HTTP/1.1
User-Agent: selenium/4.1.2 (java windows)
Content-Length: 176
Content-Type: application/json; charset=utf-8
host: localhost:56803
accept: */*

Response DefaultHttpResponse(decodeResult: success, version: HTTP/1.1)
HTTP/1.1 200 OK
Content-Type: application/json; charset=utf-8
cache-control: no-cache
content-length: 44302

18:09:53.530 [AsyncHttpClient-1-2] DEBUG org.asynchttpclient.netty.channel.ChannelManager - Adding key: http://localhost:56803 for channel [id: 0x6015b60a, L:/127.0.0.1:63534 - R:localhost/127.0.0.1:56803]
18:09:53.540 [Forwarding getCurrentUrl on session c7d6762c306cf1f5f648f13ff2701a17 to remote] DEBUG org.asynchttpclient.netty.request.NettyRequestSender - Using pooled Channel '[id: 0x6015b60a, L:/127.0.0.1:63534 - R:localhost/127.0.0.1:56803]' for 'GET' to 'http://localhost:56803/session/c7d6762c306cf1f5f648f13ff2701a17/url'
18:09:53.542 [Forwarding getCurrentUrl on session c7d6762c306cf1f5f648f13ff2701a17 to remote] DEBUG org.asynchttpclient.netty.request.NettyRequestSender - Using open Channel [id: 0x6015b60a, L:/127.0.0.1:63534 - R:localhost/127.0.0.1:56803] for GET '/session/c7d6762c306cf1f5f648f13ff2701a17/url'
18:09:53.556 [AsyncHttpClient-1-2] DEBUG org.asynchttpclient.netty.handler.HttpHandler - 

Request DefaultFullHttpRequest(decodeResult: success, version: HTTP/1.1, content: EmptyByteBufBE)
GET /session/c7d6762c306cf1f5f648f13ff2701a17/url HTTP/1.1
User-Agent: selenium/4.1.2 (java windows)
Cache-Control: no-cache
Content-Type: application/json; charset=utf-8
host: localhost:56803
accept: */*

Response DefaultHttpResponse(decodeResult: success, version: HTTP/1.1)
HTTP/1.1 200 OK
Content-Type: application/json; charset=utf-8
cache-control: no-cache
content-length: 36

18:09:53.556 [AsyncHttpClient-1-2] DEBUG org.asynchttpclient.netty.channel.ChannelManager - Adding key: http://localhost:56803 for channel [id: 0x6015b60a, L:/127.0.0.1:63534 - R:localhost/127.0.0.1:56803]
  &amp#27;[31mThen &amp#27;[0m&amp#27;[31mI get red field username&amp#27;[0m                 &amp#27;[90m# starter.stepdefinitions.LoginSteps.iGetRedFieldUsername()&amp#27;[0m
      &amp#27;[31morg.openqa.selenium.InvalidSelectorException: invalid selector: Unable to locate an element with the xpath expression //mr-sm-2 is-invalid form-control because of the following error:
SyntaxError: Failed to execute 'evaluate' on 'Document': The string '//mr-sm-2 is-invalid form-control' is not a valid XPath expression.
  (Session info: chrome=106.0.5249.103)
For documentation on this error, please visit: https://selenium.dev/exceptions/#invalid_selector_exception
Build info: version: '4.1.2', revision: '9a5a329c5a'
System info: host: 'DESKTOP-C1C9QNB', ip: '192.168.56.1', os.name: 'Windows 10', os.arch: 'amd64', os.version: '10.0', java.version: '15.0.2'
Driver info: org.openqa.selenium.chrome.ChromeDriver
Command: [c7d6762c306cf1f5f648f13ff2701a17, findElement {using=xpath, value=//mr-sm-2 is-invalid form-control}]
Capabilities {acceptInsecureCerts: false, browserName: chrome, browserVersion: 106.0.5249.103, chrome: {chromedriverVersion: 106.0.5249.61 (511755355844..., userDataDir: C:\Users\User\AppData\Local...}, goog:chromeOptions: {debuggerAddress: localhost:63535}, javascriptEnabled: true, networkConnectionEnabled: false, pageLoadStrategy: normal, platform: WINDOWS, platformName: WINDOWS, proxy: Proxy(), se:cdp: ws://localhost:63535/devtoo..., se:cdpVersion: 106.0.5249.103, setWindowRect: true, strictFileInteractability: false, timeouts: {implicit: 0, pageLoad: 300000, script: 30000}, unhandledPromptBehavior: dismiss and notify, webauthn:extension:credBlob: true, webauthn:extension:largeBlob: true, webauthn:virtualAuthenticators: true}
Session ID: c7d6762c306cf1f5f648f13ff2701a17
	at java.base/jdk.internal.reflect.NativeConstructorAccessorImpl.newInstance0(Native Method)
	at java.base/jdk.internal.reflect.NativeConstructorAccessorImpl.newInstance(NativeConstructorAccessorImpl.java:64)
	at java.base/jdk.internal.reflect.DelegatingConstructorAccessorImpl.newInstance(DelegatingConstructorAccessorImpl.java:45)
	at java.base/java.lang.reflect.Constructor.newInstanceWithCaller(Constructor.java:500)
	at java.base/java.lang.reflect.Constructor.newInstance(Constructor.java:481)
	at org.openqa.selenium.remote.codec.w3c.W3CHttpResponseCodec.createException(W3CHttpResponseCodec.java:200)
	at org.openqa.selenium.remote.codec.w3c.W3CHttpResponseCodec.decode(W3CHttpResponseCodec.java:133)
	at org.openqa.selenium.remote.codec.w3c.W3CHttpResponseCodec.decode(W3CHttpResponseCodec.java:53)
	at org.openqa.selenium.remote.HttpCommandExecutor.execute(HttpCommandExecutor.java:184)
	at org.openqa.selenium.remote.service.DriverCommandExecutor.invokeExecute(DriverCommandExecutor.java:167)
	at org.openqa.selenium.remote.service.DriverCommandExecutor.execute(DriverCommandExecutor.java:142)
	at org.openqa.selenium.remote.RemoteWebDriver.execute(RemoteWebDriver.java:558)
	at org.openqa.selenium.remote.ElementLocation$ElementFinder$2.findElement(ElementLocation.java:162)
	at org.openqa.selenium.remote.ElementLocation.findElement(ElementLocation.java:60)
	at org.openqa.selenium.remote.RemoteWebDriver.findElement(RemoteWebDriver.java:382)
	at org.openqa.selenium.remote.RemoteWebDriver.findElement(RemoteWebDriver.java:374)
	at net.thucydides.core.webdriver.WebDriverFacade.findElement(WebDriverFacade.java:224)
	at net.serenitybdd.core.pages.WebElementResolverByLocator.resolveForDriver(WebElementResolverByLocator.java:25)
	at net.serenitybdd.core.pages.WebElementFacadeImpl.getResolvedElement(WebElementFacadeImpl.java:191)
	at net.serenitybdd.core.pages.WebElementFacadeImpl.getElement(WebElementFacadeImpl.java:186)
	at net.serenitybdd.core.pages.WebElementFacadeImpl.isDisplayed(WebElementFacadeImpl.java:1289)
	at demoqa@1.0-SNAPSHOT/starter.pages.LoginPage.redFieldUsername(LoginPage.java:69)
	at demoqa@1.0-SNAPSHOT/starter.pages.LoginPage$ByteBuddy$YikVDeGP.redFieldUsername$accessor$cYTfeSBL(Unknown Source)
	at java.base/jdk.internal.reflect.NativeMethodAccessorImpl.invoke0(Native Method)
	at java.base/jdk.internal.reflect.NativeMethodAccessorImpl.invoke(NativeMethodAccessorImpl.java:64)
	at java.base/jdk.internal.reflect.DelegatingMethodAccessorImpl.invoke(DelegatingMethodAccessorImpl.java:43)
	at java.base/java.lang.reflect.Method.invoke(Method.java:564)
	at net.thucydides.core.steps.BaseMethodRunner.invokeMethod(BaseMethodRunner.java:18)
	at net.thucydides.core.steps.NormalMethodRunner.invokeMethodAndNotifyFailures(NormalMethodRunner.java:18)
	at net.thucydides.core.steps.StepInterceptor.runNormalMethod(StepInterceptor.java:406)
	at net.thucydides.core.steps.StepInterceptor.testStepResult(StepInterceptor.java:191)
	at net.thucydides.core.steps.StepInterceptor.intercept(StepInterceptor.java:84)
	at net.thucydides.core.steps.ProxyConfiguration$InterceptorDispatcher.intercept(ProxyConfiguration.java:51)
	at demoqa@1.0-SNAPSHOT/starter.pages.LoginPage$ByteBuddy$YikVDeGP.redFieldUsername(Unknown Source)
	at demoqa@1.0-SNAPSHOT/starter.stepdefinitions.LoginSteps.iGetRedFieldUsername(LoginSteps.java:57)
	at âœ½.I get red field username(file:///C:/Users/User/IdeaProjects/demoqa/src/test/resources/features/Login.feature:41)
&amp#27;[0m
  &amp#27;[36mAnd &amp#27;[0m&amp#27;[36mI get red field password&amp#27;[0m                  &amp#27;[90m# starter.stepdefinitions.LoginSteps.iGetRedFieldPassword()&amp#27;[0m
18:09:53.573 [main] ERROR  - 
  _____   ___   ___   _____     ___   ___   ___    ___    ___ 
 |_   _| | __| / __| |_   _|   | __| | _ \ | _ \  / _ \  | _ \
   | |   | _|  \__ \   | |     | _|  |   / |   / | (_) | |   /
   |_|   |___| |___/   |_|     |___| |_|_\ |_|_\  \___/  |_|_\

Login with null username and password
---------------------------------------------------------------
18:09:53.573 [main] DEBUG  - RELATED ISSUES: 
18:09:53.573 [main] ERROR  -     Test failed at step: Red field username
18:09:53.573 [main] ERROR  -     invalid selector: Unable to locate an element with the xpath expression //mr-sm-2 is-invalid form-control because of the following error:
18:09:53.574 [AsyncHttpClient-1-4] DEBUG org.asynchttpclient.netty.handler.WebSocketHandler - Channel Closed: [id: 0x190e5b71, L:/127.0.0.1:63542 ! R:localhost/127.0.0.1:63535] with attribute NettyResponseFuture{currentRetry=5,
	isDone=1,
	isCancelled=0,
	asyncHandler=org.asynchttpclient.ws.WebSocketUpgradeHandler@2f91395b,
	nettyRequest=org.asynchttpclient.netty.request.NettyRequest@4465c101,
	future=java.util.concurrent.CompletableFuture@65c6f90a[Completed normally],
	uri=ws://localhost:63535/devtools/browser/c1b30b93-41fb-4469-822e-e4724dafe2b2,
	keepAlive=true,
	redirectCount=0,
	timeoutsHolder=null,
	inAuth=0,
	touch=1665137386764}
18:09:53.574 [AsyncHttpClient-1-4] DEBUG org.asynchttpclient.netty.channel.ChannelManager - Closing Channel [id: 0x190e5b71, L:/127.0.0.1:63542 ! R:localhost/127.0.0.1:63535] 
18:09:53.575 [Driver Command Executor] DEBUG org.asynchttpclient.netty.request.NettyRequestSender - Using pooled Channel '[id: 0x6015b60a, L:/127.0.0.1:63534 - R:localhost/127.0.0.1:56803]' for 'DELETE' to 'http://localhost:56803/session/c7d6762c306cf1f5f648f13ff2701a17'
18:09:53.575 [Driver Command Executor] DEBUG org.asynchttpclient.netty.request.NettyRequestSender - Using open Channel [id: 0x6015b60a, L:/127.0.0.1:63534 - R:localhost/127.0.0.1:56803] for DELETE '/session/c7d6762c306cf1f5f648f13ff2701a17'
18:09:53.662 [AsyncHttpClient-1-3] DEBUG org.asynchttpclient.netty.handler.HttpHandler - Unexpected I/O exception on channel [id: 0xa3f7fbd0, L:/127.0.0.1:63541 - R:localhost/127.0.0.1:63535]
java.net.SocketException: Connection reset
	at java.base/sun.nio.ch.SocketChannelImpl.throwConnectionReset(SocketChannelImpl.java:367)
	at java.base/sun.nio.ch.SocketChannelImpl.read(SocketChannelImpl.java:398)
	at io.netty.buffer.PooledByteBuf.setBytes(PooledByteBuf.java:258)
	at io.netty.buffer.AbstractByteBuf.writeBytes(AbstractByteBuf.java:1132)
	at io.netty.channel.socket.nio.NioSocketChannel.doReadBytes(NioSocketChannel.java:350)
	at io.netty.channel.nio.AbstractNioByteChannel$NioByteUnsafe.read(AbstractNioByteChannel.java:151)
	at io.netty.channel.nio.NioEventLoop.processSelectedKey(NioEventLoop.java:722)
	at io.netty.channel.nio.NioEventLoop.processSelectedKeysOptimized(NioEventLoop.java:658)
	at io.netty.channel.nio.NioEventLoop.processSelectedKeys(NioEventLoop.java:584)
	at io.netty.channel.nio.NioEventLoop.run(NioEventLoop.java:496)
	at io.netty.util.concurrent.SingleThreadEventExecutor$4.run(SingleThreadEventExecutor.java:986)
	at io.netty.util.internal.ThreadExecutorMap$2.run(ThreadExecutorMap.java:74)
	at io.netty.util.concurrent.FastThreadLocalRunnable.run(FastThreadLocalRunnable.java:30)
	at java.base/java.lang.Thread.run(Thread.java:832)
18:09:53.662 [AsyncHttpClient-1-3] DEBUG org.asynchttpclient.netty.channel.ChannelManager - Closing Channel [id: 0xa3f7fbd0, L:/127.0.0.1:63541 - R:localhost/127.0.0.1:63535] 
18:09:53.664 [AsyncHttpClient-1-3] DEBUG org.asynchttpclient.netty.handler.HttpHandler - Channel Closed: [id: 0xa3f7fbd0, L:/127.0.0.1:63541 ! R:localhost/127.0.0.1:63535] with attribute DISCARD
18:09:53.679 [AsyncHttpClient-1-2] DEBUG org.asynchttpclient.netty.handler.HttpHandler - 

Request DefaultFullHttpRequest(decodeResult: success, version: HTTP/1.1, content: EmptyByteBufBE)
DELETE /session/c7d6762c306cf1f5f648f13ff2701a17 HTTP/1.1
User-Agent: selenium/4.1.2 (java windows)
Content-Type: application/json; charset=utf-8
host: localhost:56803
accept: */*

Response DefaultHttpResponse(decodeResult: success, version: HTTP/1.1)
HTTP/1.1 200 OK
Content-Type: application/json; charset=utf-8
cache-control: no-cache
content-length: 14

18:09:53.679 [AsyncHttpClient-1-2] DEBUG org.asynchttpclient.netty.channel.ChannelManager - Adding key: http://localhost:56803 for channel [id: 0x6015b60a, L:/127.0.0.1:63534 - R:localhost/127.0.0.1:56803]
18:09:53.741 [AsyncHttpClient-1-2] DEBUG org.asynchttpclient.netty.handler.HttpHandler - Channel Closed: [id: 0x6015b60a, L:/127.0.0.1:63534 ! R:localhost/127.0.0.1:56803] with attribute DISCARD
]]></system-out>
    <system-err><![CDATA[Starting ChromeDriver 106.0.5249.61 (511755355844955cd3e264779baf0dd38212a4d0-refs/branch-heads/5249@{#569}) on port 56803
Only local connections are allowed.
Please see https://chromedriver.chromium.org/security-considerations for suggestions on keeping ChromeDriver safe.
ChromeDriver was started successfully.
Oct 07, 2022 6:09:46 PM org.openqa.selenium.remote.ProtocolHandshake createSession
INFO: Detected dialect: W3C
Oct 07, 2022 6:09:46 PM org.openqa.selenium.devtools.CdpVersionFinder findNearestMatch
WARNING: Unable to find an exact match for CDP version 106, so returning the closest version found: a no-op implementation
Oct 07, 2022 6:09:46 PM org.openqa.selenium.devtools.CdpVersionFinder findNearestMatch
INFO: Unable to find CDP implementation matching 106.
Oct 07, 2022 6:09:46 PM org.openqa.selenium.chromium.ChromiumDriver lambda$new$3
WARNING: Unable to find version of CDP to use for . You may need to include a dependency on a specific version of the CDP using something similar to `org.seleniumhq.selenium:selenium-devtools-v86:4.1.2` where the version ("v86") matches the version of the chromium-based browser you're using and the version number of the artifact is the same as Selenium's.
]]></system-err>
  </testcase>
</testsuite>